{"/home/travis/build/npmtest/node-npmtest-ioredis/test.js":{"path":"/home/travis/build/npmtest/node-npmtest-ioredis/test.js","s":{"1":2,"2":2,"3":2,"4":2,"5":2,"6":2,"7":2,"8":1,"9":2,"10":2,"11":1,"12":1,"13":1,"14":1,"15":2,"16":2,"17":2,"18":2,"19":1,"20":1,"21":2,"22":2,"23":2,"24":1,"25":1,"26":1,"27":1,"28":1,"29":1,"30":1,"31":1,"32":1,"33":1,"34":1,"35":1,"36":1,"37":2,"38":2,"39":1,"40":2,"41":2,"42":1,"43":2,"44":2,"45":1,"46":2,"47":2,"48":1,"49":1,"50":1,"51":1,"52":1},"b":{"1":[2,1,1,1],"2":[1,1,1,1],"3":[1,1],"4":[1,1],"5":[1,1],"6":[1,1],"7":[1,1],"8":[1,1],"9":[1,1,1],"10":[1,1],"11":[1,1],"12":[1,1],"13":[1,1],"14":[1,1],"15":[1,1],"16":[1,1]},"f":{"1":2,"2":2,"3":2,"4":2,"5":2,"6":1,"7":1,"8":2,"9":2,"10":2,"11":2,"12":1},"fnMap":{"1":{"name":"(anonymous_1)","line":12,"loc":{"start":{"line":12,"column":1},"end":{"line":12,"column":13}}},"2":{"name":"(anonymous_2)","line":19,"loc":{"start":{"line":19,"column":5},"end":{"line":19,"column":17}}},"3":{"name":"(anonymous_3)","line":23,"loc":{"start":{"line":23,"column":24},"end":{"line":23,"column":36}}},"4":{"name":"(anonymous_4)","line":61,"loc":{"start":{"line":61,"column":5},"end":{"line":61,"column":17}}},"5":{"name":"(anonymous_5)","line":82,"loc":{"start":{"line":82,"column":5},"end":{"line":82,"column":17}}},"6":{"name":"(anonymous_6)","line":102,"loc":{"start":{"line":102,"column":83},"end":{"line":105,"column":10}},"skip":true},"7":{"name":"(anonymous_7)","line":113,"loc":{"start":{"line":113,"column":77},"end":{"line":116,"column":10}},"skip":true},"8":{"name":"(anonymous_8)","line":129,"loc":{"start":{"line":129,"column":12},"end":{"line":129,"column":40}},"skip":true},"9":{"name":"(anonymous_9)","line":137,"loc":{"start":{"line":137,"column":77},"end":{"line":140,"column":10}},"skip":true},"10":{"name":"(anonymous_10)","line":148,"loc":{"start":{"line":148,"column":83},"end":{"line":151,"column":10}},"skip":true},"11":{"name":"(anonymous_11)","line":159,"loc":{"start":{"line":159,"column":79},"end":{"line":162,"column":10}},"skip":true},"12":{"name":"(anonymous_12)","line":170,"loc":{"start":{"line":170,"column":75},"end":{"line":173,"column":10}},"skip":true}},"statementMap":{"1":{"start":{"line":12,"column":0},"end":{"line":185,"column":5}},"2":{"start":{"line":14,"column":4},"end":{"line":14,"column":14}},"3":{"start":{"line":19,"column":4},"end":{"line":56,"column":9}},"4":{"start":{"line":21,"column":8},"end":{"line":21,"column":19}},"5":{"start":{"line":23,"column":8},"end":{"line":35,"column":13}},"6":{"start":{"line":24,"column":12},"end":{"line":34,"column":13}},"7":{"start":{"line":25,"column":16},"end":{"line":28,"column":30}},"8":{"start":{"line":30,"column":16},"end":{"line":33,"column":27}},"9":{"start":{"line":37,"column":8},"end":{"line":39,"column":21}},"10":{"start":{"line":40,"column":8},"end":{"line":53,"column":9}},"11":{"start":{"line":43,"column":12},"end":{"line":46,"column":14}},"12":{"start":{"line":47,"column":12},"end":{"line":47,"column":18}},"13":{"start":{"line":50,"column":12},"end":{"line":51,"column":46}},"14":{"start":{"line":52,"column":12},"end":{"line":52,"column":18}},"15":{"start":{"line":55,"column":8},"end":{"line":55,"column":35}},"16":{"start":{"line":61,"column":4},"end":{"line":63,"column":9}},"17":{"start":{"line":62,"column":8},"end":{"line":62,"column":15}},"18":{"start":{"line":64,"column":4},"end":{"line":77,"column":5}},"19":{"start":{"line":70,"column":8},"end":{"line":70,"column":14}},"20":{"start":{"line":76,"column":8},"end":{"line":76,"column":14}},"21":{"start":{"line":82,"column":4},"end":{"line":84,"column":9}},"22":{"start":{"line":83,"column":8},"end":{"line":83,"column":15}},"23":{"start":{"line":85,"column":4},"end":{"line":184,"column":5}},"24":{"start":{"line":92,"column":8},"end":{"line":94,"column":63}},"25":{"start":{"line":95,"column":8},"end":{"line":95,"column":14}},"26":{"start":{"line":102,"column":8},"end":{"line":111,"column":10},"skip":true},"27":{"start":{"line":109,"column":12},"end":{"line":109,"column":55},"skip":true},"28":{"start":{"line":110,"column":12},"end":{"line":110,"column":48},"skip":true},"29":{"start":{"line":113,"column":8},"end":{"line":126,"column":10},"skip":true},"30":{"start":{"line":120,"column":12},"end":{"line":120,"column":76},"skip":true},"31":{"start":{"line":121,"column":12},"end":{"line":121,"column":73},"skip":true},"32":{"start":{"line":122,"column":12},"end":{"line":122,"column":74},"skip":true},"33":{"start":{"line":123,"column":12},"end":{"line":123,"column":79},"skip":true},"34":{"start":{"line":124,"column":12},"end":{"line":124,"column":25},"skip":true},"35":{"start":{"line":125,"column":12},"end":{"line":125,"column":45},"skip":true},"36":{"start":{"line":128,"column":8},"end":{"line":135,"column":14},"skip":true},"37":{"start":{"line":133,"column":16},"end":{"line":133,"column":29},"skip":true},"38":{"start":{"line":134,"column":16},"end":{"line":134,"column":55},"skip":true},"39":{"start":{"line":137,"column":8},"end":{"line":146,"column":10},"skip":true},"40":{"start":{"line":144,"column":12},"end":{"line":144,"column":25},"skip":true},"41":{"start":{"line":145,"column":12},"end":{"line":145,"column":45},"skip":true},"42":{"start":{"line":148,"column":8},"end":{"line":157,"column":10},"skip":true},"43":{"start":{"line":155,"column":12},"end":{"line":155,"column":25},"skip":true},"44":{"start":{"line":156,"column":12},"end":{"line":156,"column":48},"skip":true},"45":{"start":{"line":159,"column":8},"end":{"line":168,"column":10},"skip":true},"46":{"start":{"line":166,"column":12},"end":{"line":166,"column":25},"skip":true},"47":{"start":{"line":167,"column":12},"end":{"line":167,"column":46},"skip":true},"48":{"start":{"line":170,"column":8},"end":{"line":179,"column":10},"skip":true},"49":{"start":{"line":177,"column":12},"end":{"line":177,"column":94},"skip":true},"50":{"start":{"line":178,"column":12},"end":{"line":178,"column":48},"skip":true},"51":{"start":{"line":182,"column":8},"end":{"line":182,"column":35},"skip":true},"52":{"start":{"line":183,"column":8},"end":{"line":183,"column":14},"skip":true}},"branchMap":{"1":{"line":25,"type":"binary-expr","locations":[{"start":{"line":25,"column":23},"end":{"line":25,"column":62}},{"start":{"line":26,"column":20},"end":{"line":26,"column":70}},{"start":{"line":27,"column":20},"end":{"line":27,"column":71}},{"start":{"line":28,"column":20},"end":{"line":28,"column":29}}]},"2":{"line":30,"type":"binary-expr","locations":[{"start":{"line":30,"column":23},"end":{"line":30,"column":37}},{"start":{"line":31,"column":20},"end":{"line":31,"column":61}},{"start":{"line":32,"column":20},"end":{"line":32,"column":70}},{"start":{"line":33,"column":20},"end":{"line":33,"column":26}}]},"3":{"line":37,"type":"cond-expr","locations":[{"start":{"line":38,"column":14},"end":{"line":38,"column":20}},{"start":{"line":39,"column":14},"end":{"line":39,"column":20}}]},"4":{"line":40,"type":"switch","locations":[{"start":{"line":42,"column":8},"end":{"line":47,"column":18}},{"start":{"line":49,"column":8},"end":{"line":52,"column":18}}]},"5":{"line":44,"type":"binary-expr","locations":[{"start":{"line":44,"column":16},"end":{"line":44,"column":44}},{"start":{"line":44,"column":48},"end":{"line":44,"column":66}}]},"6":{"line":50,"type":"binary-expr","locations":[{"start":{"line":50,"column":21},"end":{"line":50,"column":49}},{"start":{"line":50,"column":53},"end":{"line":50,"column":72}}]},"7":{"line":64,"type":"switch","locations":[{"start":{"line":69,"column":4},"end":{"line":70,"column":14}},{"start":{"line":75,"column":4},"end":{"line":76,"column":14}}]},"8":{"line":85,"type":"switch","locations":[{"start":{"line":90,"column":4},"end":{"line":95,"column":14}},{"start":{"line":101,"column":4},"end":{"line":183,"column":14},"skip":true}]},"9":{"line":92,"type":"binary-expr","locations":[{"start":{"line":92,"column":18},"end":{"line":92,"column":32}},{"start":{"line":93,"column":12},"end":{"line":93,"column":53}},{"start":{"line":94,"column":12},"end":{"line":94,"column":61}}]},"10":{"line":102,"type":"binary-expr","locations":[{"start":{"line":102,"column":45},"end":{"line":102,"column":79},"skip":true},{"start":{"line":102,"column":83},"end":{"line":111,"column":9},"skip":true}]},"11":{"line":113,"type":"binary-expr","locations":[{"start":{"line":113,"column":42},"end":{"line":113,"column":73},"skip":true},{"start":{"line":113,"column":77},"end":{"line":126,"column":9},"skip":true}]},"12":{"line":128,"type":"binary-expr","locations":[{"start":{"line":128,"column":48},"end":{"line":128,"column":85},"skip":true},{"start":{"line":129,"column":12},"end":{"line":135,"column":13},"skip":true}]},"13":{"line":137,"type":"binary-expr","locations":[{"start":{"line":137,"column":42},"end":{"line":137,"column":73},"skip":true},{"start":{"line":137,"column":77},"end":{"line":146,"column":9},"skip":true}]},"14":{"line":148,"type":"binary-expr","locations":[{"start":{"line":148,"column":45},"end":{"line":148,"column":79},"skip":true},{"start":{"line":148,"column":83},"end":{"line":157,"column":9},"skip":true}]},"15":{"line":159,"type":"binary-expr","locations":[{"start":{"line":159,"column":43},"end":{"line":159,"column":75},"skip":true},{"start":{"line":159,"column":79},"end":{"line":168,"column":9},"skip":true}]},"16":{"line":170,"type":"binary-expr","locations":[{"start":{"line":170,"column":41},"end":{"line":170,"column":71},"skip":true},{"start":{"line":170,"column":75},"end":{"line":179,"column":9},"skip":true}]}},"code":["/* istanbul instrument in package npmtest_ioredis */","/*jslint","    bitwise: true,","    browser: true,","    maxerr: 8,","    maxlen: 96,","    node: true,","    nomen: true,","    regexp: true,","    stupid: true","*/","(function () {","    'use strict';","    var local;","","","","    // run shared js-env code - pre-init","    (function () {","        // init local","        local = {};","        // init modeJs","        local.modeJs = (function () {","            try {","                return typeof navigator.userAgent === 'string' &&","                    typeof document.querySelector('body') === 'object' &&","                    typeof XMLHttpRequest.prototype.open === 'function' &&","                    'browser';","            } catch (errorCaughtBrowser) {","                return module.exports &&","                    typeof process.versions.node === 'string' &&","                    typeof require('http').createServer === 'function' &&","                    'node';","            }","        }());","        // init global","        local.global = local.modeJs === 'browser'","            ? window","            : global;","        switch (local.modeJs) {","        // re-init local from window.local","        case 'browser':","            local = local.global.utility2.objectSetDefault(","                local.global.utility2_rollup || local.global.local,","                local.global.utility2","            );","            break;","        // re-init local from example.js","        case 'node':","            local = (local.global.utility2_rollup || require('utility2'))","                .requireExampleJsFromReadme();","            break;","        }","        // export local","        local.global.local = local;","    }());","","","","    // run shared js-env code - function","    (function () {","        return;","    }());","    switch (local.modeJs) {","","","","    // run browser js-env code - function","    case 'browser':","        break;","","","","    // run node js-env code - function","    case 'node':","        break;","    }","","","","    // run shared js-env code - post-init","    (function () {","        return;","    }());","    switch (local.modeJs) {","","","","    // run browser js-env code - post-init","    case 'browser':","        // run tests","        local.nop(local.modeTest &&","            document.querySelector('#testRunButton1') &&","            document.querySelector('#testRunButton1').click());","        break;","","","","    // run node js-env code - post-init","    /* istanbul ignore next */","    case 'node':","        local.testCase_buildApidoc_default = local.testCase_buildApidoc_default || function (","            options,","            onError","        ) {","        /*","         * this function will test buildApidoc's default handling-behavior-behavior","         */","            options = { modulePathList: module.paths };","            local.buildApidoc(options, onError);","        };","","        local.testCase_buildApp_default = local.testCase_buildApp_default || function (","            options,","            onError","        ) {","        /*","         * this function will test buildApp's default handling-behavior-behavior","         */","            local.testCase_buildReadme_default(options, local.onErrorThrow);","            local.testCase_buildLib_default(options, local.onErrorThrow);","            local.testCase_buildTest_default(options, local.onErrorThrow);","            local.testCase_buildCustomOrg_default(options, local.onErrorThrow);","            options = [];","            local.buildApp(options, onError);","        };","","        local.testCase_buildCustomOrg_default = local.testCase_buildCustomOrg_default ||","            function (options, onError) {","            /*","             * this function will test buildCustomOrg's default handling-behavior","             */","                options = {};","                local.buildCustomOrg(options, onError);","            };","","        local.testCase_buildLib_default = local.testCase_buildLib_default || function (","            options,","            onError","        ) {","        /*","         * this function will test buildLib's default handling-behavior","         */","            options = {};","            local.buildLib(options, onError);","        };","","        local.testCase_buildReadme_default = local.testCase_buildReadme_default || function (","            options,","            onError","        ) {","        /*","         * this function will test buildReadme's default handling-behavior-behavior","         */","            options = {};","            local.buildReadme(options, onError);","        };","","        local.testCase_buildTest_default = local.testCase_buildTest_default || function (","            options,","            onError","        ) {","        /*","         * this function will test buildTest's default handling-behavior","         */","            options = {};","            local.buildTest(options, onError);","        };","","        local.testCase_webpage_default = local.testCase_webpage_default || function (","            options,","            onError","        ) {","        /*","         * this function will test webpage's default handling-behavior","         */","            options = { modeCoverageMerge: true, url: local.serverLocalHost + '?modeTest=1' };","            local.browserTest(options, onError);","        };","","        // run test-server","        local.testRunServer(local);","        break;","    }","}());",""],"l":{"12":2,"14":2,"19":2,"21":2,"23":2,"24":2,"25":2,"30":1,"37":2,"40":2,"43":1,"47":1,"50":1,"52":1,"55":2,"61":2,"62":2,"64":2,"70":1,"76":1,"82":2,"83":2,"85":2,"92":1,"95":1,"102":1,"109":1,"110":1,"113":1,"120":1,"121":1,"122":1,"123":1,"124":1,"125":1,"128":1,"133":2,"134":2,"137":1,"144":2,"145":2,"148":1,"155":2,"156":2,"159":1,"166":2,"167":2,"170":1,"177":1,"178":1,"182":1,"183":1}},"/home/travis/build/npmtest/node-npmtest-ioredis/lib.npmtest_ioredis.js":{"path":"/home/travis/build/npmtest/node-npmtest-ioredis/lib.npmtest_ioredis.js","s":{"1":2,"2":2,"3":2,"4":2,"5":2,"6":2,"7":2,"8":1,"9":2,"10":2,"11":2,"12":2,"13":1,"14":1,"15":1,"16":1},"b":{"1":[2,1,1,1],"2":[1,1,1,1],"3":[1,1],"4":[2,2],"5":[1,1]},"f":{"1":2,"2":2,"3":2},"fnMap":{"1":{"name":"(anonymous_1)","line":12,"loc":{"start":{"line":12,"column":1},"end":{"line":12,"column":13}}},"2":{"name":"(anonymous_2)","line":19,"loc":{"start":{"line":19,"column":5},"end":{"line":19,"column":17}}},"3":{"name":"(anonymous_3)","line":23,"loc":{"start":{"line":23,"column":24},"end":{"line":23,"column":36}}}},"statementMap":{"1":{"start":{"line":12,"column":0},"end":{"line":53,"column":5}},"2":{"start":{"line":14,"column":4},"end":{"line":14,"column":14}},"3":{"start":{"line":19,"column":4},"end":{"line":52,"column":9}},"4":{"start":{"line":21,"column":8},"end":{"line":21,"column":19}},"5":{"start":{"line":23,"column":8},"end":{"line":35,"column":13}},"6":{"start":{"line":24,"column":12},"end":{"line":34,"column":13}},"7":{"start":{"line":25,"column":16},"end":{"line":28,"column":30}},"8":{"start":{"line":30,"column":16},"end":{"line":33,"column":27}},"9":{"start":{"line":37,"column":8},"end":{"line":39,"column":21}},"10":{"start":{"line":41,"column":8},"end":{"line":41,"column":54}},"11":{"start":{"line":43,"column":8},"end":{"line":43,"column":52}},"12":{"start":{"line":45,"column":8},"end":{"line":51,"column":9}},"13":{"start":{"line":46,"column":12},"end":{"line":46,"column":58}},"14":{"start":{"line":48,"column":12},"end":{"line":48,"column":35}},"15":{"start":{"line":49,"column":12},"end":{"line":49,"column":49}},"16":{"start":{"line":50,"column":12},"end":{"line":50,"column":43}}},"branchMap":{"1":{"line":25,"type":"binary-expr","locations":[{"start":{"line":25,"column":23},"end":{"line":25,"column":62}},{"start":{"line":26,"column":20},"end":{"line":26,"column":70}},{"start":{"line":27,"column":20},"end":{"line":27,"column":71}},{"start":{"line":28,"column":20},"end":{"line":28,"column":29}}]},"2":{"line":30,"type":"binary-expr","locations":[{"start":{"line":30,"column":23},"end":{"line":30,"column":37}},{"start":{"line":31,"column":20},"end":{"line":31,"column":61}},{"start":{"line":32,"column":20},"end":{"line":32,"column":70}},{"start":{"line":33,"column":20},"end":{"line":33,"column":26}}]},"3":{"line":37,"type":"cond-expr","locations":[{"start":{"line":38,"column":14},"end":{"line":38,"column":20}},{"start":{"line":39,"column":14},"end":{"line":39,"column":20}}]},"4":{"line":41,"type":"binary-expr","locations":[{"start":{"line":41,"column":16},"end":{"line":41,"column":44}},{"start":{"line":41,"column":48},"end":{"line":41,"column":53}}]},"5":{"line":45,"type":"if","locations":[{"start":{"line":45,"column":8},"end":{"line":45,"column":8}},{"start":{"line":45,"column":8},"end":{"line":45,"column":8}}]}},"code":["/* istanbul instrument in package npmtest_ioredis */","/*jslint","    bitwise: true,","    browser: true,","    maxerr: 8,","    maxlen: 96,","    node: true,","    nomen: true,","    regexp: true,","    stupid: true","*/","(function () {","    'use strict';","    var local;","","","","    // run shared js-env code - pre-init","    (function () {","        // init local","        local = {};","        // init modeJs","        local.modeJs = (function () {","            try {","                return typeof navigator.userAgent === 'string' &&","                    typeof document.querySelector('body') === 'object' &&","                    typeof XMLHttpRequest.prototype.open === 'function' &&","                    'browser';","            } catch (errorCaughtBrowser) {","                return module.exports &&","                    typeof process.versions.node === 'string' &&","                    typeof require('http').createServer === 'function' &&","                    'node';","            }","        }());","        // init global","        local.global = local.modeJs === 'browser'","            ? window","            : global;","        // init utility2_rollup","        local = local.global.utility2_rollup || local;","        // init lib","        local.local = local.npmtest_ioredis = local;","        // init exports","        if (local.modeJs === 'browser') {","            local.global.utility2_npmtest_ioredis = local;","        } else {","            module.exports = local;","            module.exports.__dirname = __dirname;","            module.exports.module = module;","        }","    }());","}());",""],"l":{"12":2,"14":2,"19":2,"21":2,"23":2,"24":2,"25":2,"30":1,"37":2,"41":2,"43":2,"45":2,"46":1,"48":1,"49":1,"50":1}},"/home/travis/build/npmtest/node-npmtest-ioredis/example.js":{"path":"/home/travis/build/npmtest/node-npmtest-ioredis/example.js","s":{"1":2,"2":2,"3":2,"4":2,"5":2,"6":2,"7":2,"8":1,"9":2,"10":2,"11":2,"12":2,"13":1,"14":2,"15":2,"16":2,"17":2,"18":2,"19":0,"20":2,"21":1,"22":1,"23":1,"24":1,"25":1,"26":0,"27":0,"28":1,"29":1,"30":2,"31":0,"32":0,"33":0,"34":1,"35":2,"36":2,"37":2,"38":2,"39":2,"40":2,"41":0,"42":2,"43":2,"44":2,"45":1,"46":3,"47":1,"48":1,"49":1,"50":1,"51":1,"52":1,"53":1,"54":1,"55":1,"56":1,"57":0,"58":1,"59":6,"60":6,"61":1,"62":2,"63":0,"64":2,"65":1,"66":1,"67":0,"68":0,"69":0,"70":0,"71":0,"72":0,"73":0,"74":0,"75":0,"76":0,"77":0,"78":0,"79":0,"80":0,"81":0,"82":0,"83":0},"b":{"1":[2,1,1,1],"2":[1,1,1,1],"3":[1,1],"4":[2,2],"5":[1,1],"6":[1,1],"7":[2,0],"8":[2,1,1,1,1,1],"9":[0,2,0],"10":[1,1],"11":[2,1,1],"12":[1,0],"13":[0,2],"14":[2,0,0,0,0,0,0],"15":[0,2],"16":[2,0],"17":[1,1],"18":[0,1],"19":[1,2,0,2],"20":[1,0],"21":[1,1],"22":[0,0],"23":[0,0],"24":[0,0],"25":[0,0],"26":[0,0],"27":[0,0],"28":[0,0]},"f":{"1":2,"2":2,"3":2,"4":2,"5":2,"6":2,"7":2,"8":2,"9":3,"10":1,"11":6,"12":0},"fnMap":{"1":{"name":"(anonymous_1)","line":26,"loc":{"start":{"line":26,"column":1},"end":{"line":26,"column":13}}},"2":{"name":"(anonymous_2)","line":33,"loc":{"start":{"line":33,"column":5},"end":{"line":33,"column":17}}},"3":{"name":"(anonymous_3)","line":37,"loc":{"start":{"line":37,"column":24},"end":{"line":37,"column":36}}},"4":{"name":"(anonymous_4)","line":69,"loc":{"start":{"line":69,"column":31},"end":{"line":69,"column":48}},"skip":true},"5":{"name":"(anonymous_5)","line":78,"loc":{"start":{"line":78,"column":26},"end":{"line":78,"column":45}},"skip":true},"6":{"name":"(anonymous_6)","line":123,"loc":{"start":{"line":123,"column":33},"end":{"line":123,"column":48}},"skip":true},"7":{"name":"(anonymous_7)","line":125,"loc":{"start":{"line":125,"column":27},"end":{"line":125,"column":39}},"skip":true},"8":{"name":"(anonymous_8)","line":133,"loc":{"start":{"line":133,"column":59},"end":{"line":133,"column":74}},"skip":true},"9":{"name":"(anonymous_9)","line":143,"loc":{"start":{"line":143,"column":45},"end":{"line":143,"column":62}},"skip":true},"10":{"name":"(anonymous_10)","line":144,"loc":{"start":{"line":144,"column":73},"end":{"line":144,"column":92}},"skip":true},"11":{"name":"(anonymous_11)","line":272,"loc":{"start":{"line":272,"column":51},"end":{"line":272,"column":77}},"skip":true},"12":{"name":"(anonymous_12)","line":314,"loc":{"start":{"line":314,"column":32},"end":{"line":314,"column":61}},"skip":true}},"statementMap":{"1":{"start":{"line":26,"column":0},"end":{"line":325,"column":5}},"2":{"start":{"line":28,"column":4},"end":{"line":28,"column":14}},"3":{"start":{"line":33,"column":4},"end":{"line":60,"column":9}},"4":{"start":{"line":35,"column":8},"end":{"line":35,"column":19}},"5":{"start":{"line":37,"column":8},"end":{"line":49,"column":13}},"6":{"start":{"line":38,"column":12},"end":{"line":48,"column":13}},"7":{"start":{"line":39,"column":16},"end":{"line":42,"column":30}},"8":{"start":{"line":44,"column":16},"end":{"line":47,"column":27}},"9":{"start":{"line":51,"column":8},"end":{"line":53,"column":21}},"10":{"start":{"line":55,"column":8},"end":{"line":57,"column":45}},"11":{"start":{"line":59,"column":8},"end":{"line":59,"column":35}},"12":{"start":{"line":61,"column":4},"end":{"line":324,"column":5}},"13":{"start":{"line":69,"column":8},"end":{"line":121,"column":10},"skip":true},"14":{"start":{"line":70,"column":12},"end":{"line":88,"column":13},"skip":true},"15":{"start":{"line":76,"column":16},"end":{"line":87,"column":19},"skip":true},"16":{"start":{"line":79,"column":20},"end":{"line":86,"column":21},"skip":true},"17":{"start":{"line":82,"column":24},"end":{"line":82,"column":43},"skip":true},"18":{"start":{"line":83,"column":24},"end":{"line":83,"column":30},"skip":true},"19":{"start":{"line":85,"column":24},"end":{"line":85,"column":49},"skip":true},"20":{"start":{"line":89,"column":12},"end":{"line":107,"column":13},"skip":true},"21":{"start":{"line":92,"column":16},"end":{"line":102,"column":17},"skip":true},"22":{"start":{"line":93,"column":20},"end":{"line":93,"column":86},"skip":true},"23":{"start":{"line":94,"column":20},"end":{"line":95,"column":45},"skip":true},"24":{"start":{"line":96,"column":20},"end":{"line":96,"column":42},"skip":true},"25":{"start":{"line":97,"column":20},"end":{"line":97,"column":48},"skip":true},"26":{"start":{"line":100,"column":20},"end":{"line":100,"column":85},"skip":true},"27":{"start":{"line":101,"column":20},"end":{"line":101,"column":96},"skip":true},"28":{"start":{"line":103,"column":16},"end":{"line":103,"column":22},"skip":true},"29":{"start":{"line":106,"column":16},"end":{"line":106,"column":22},"skip":true},"30":{"start":{"line":108,"column":12},"end":{"line":120,"column":13},"skip":true},"31":{"start":{"line":114,"column":16},"end":{"line":119,"column":17},"skip":true},"32":{"start":{"line":116,"column":20},"end":{"line":116,"column":78},"skip":true},"33":{"start":{"line":118,"column":20},"end":{"line":118,"column":47},"skip":true},"34":{"start":{"line":123,"column":8},"end":{"line":141,"column":11},"skip":true},"35":{"start":{"line":124,"column":12},"end":{"line":124,"column":54},"skip":true},"36":{"start":{"line":125,"column":12},"end":{"line":140,"column":14},"skip":true},"37":{"start":{"line":126,"column":16},"end":{"line":126,"column":28},"skip":true},"38":{"start":{"line":127,"column":16},"end":{"line":127,"column":69},"skip":true},"39":{"start":{"line":128,"column":16},"end":{"line":128,"column":75},"skip":true},"40":{"start":{"line":129,"column":16},"end":{"line":131,"column":17},"skip":true},"41":{"start":{"line":130,"column":20},"end":{"line":130,"column":27},"skip":true},"42":{"start":{"line":133,"column":16},"end":{"line":137,"column":36},"skip":true},"43":{"start":{"line":134,"column":20},"end":{"line":136,"column":55},"skip":true},"44":{"start":{"line":139,"column":16},"end":{"line":139,"column":57},"skip":true},"45":{"start":{"line":143,"column":8},"end":{"line":147,"column":11},"skip":true},"46":{"start":{"line":144,"column":12},"end":{"line":146,"column":15},"skip":true},"47":{"start":{"line":145,"column":16},"end":{"line":145,"column":70},"skip":true},"48":{"start":{"line":149,"column":8},"end":{"line":149,"column":31},"skip":true},"49":{"start":{"line":150,"column":8},"end":{"line":150,"column":14},"skip":true},"50":{"start":{"line":158,"column":8},"end":{"line":158,"column":31},"skip":true},"51":{"start":{"line":160,"column":8},"end":{"line":160,"column":33},"skip":true},"52":{"start":{"line":161,"column":8},"end":{"line":161,"column":37},"skip":true},"53":{"start":{"line":162,"column":8},"end":{"line":162,"column":35},"skip":true},"54":{"start":{"line":164,"column":8},"end":{"line":164,"column":50},"skip":true},"55":{"start":{"line":166,"column":8},"end":{"line":256,"column":2},"skip":true},"56":{"start":{"line":258,"column":8},"end":{"line":286,"column":9},"skip":true},"57":{"start":{"line":259,"column":12},"end":{"line":269,"column":14},"skip":true},"58":{"start":{"line":271,"column":12},"end":{"line":285,"column":19},"skip":true},"59":{"start":{"line":274,"column":20},"end":{"line":274,"column":35},"skip":true},"60":{"start":{"line":275,"column":20},"end":{"line":284,"column":21},"skip":true},"61":{"start":{"line":277,"column":24},"end":{"line":277,"column":64},"skip":true},"62":{"start":{"line":279,"column":24},"end":{"line":279,"column":40},"skip":true},"63":{"start":{"line":281,"column":24},"end":{"line":281,"column":40},"skip":true},"64":{"start":{"line":283,"column":24},"end":{"line":283,"column":39},"skip":true},"65":{"start":{"line":288,"column":8},"end":{"line":290,"column":9},"skip":true},"66":{"start":{"line":289,"column":12},"end":{"line":289,"column":18},"skip":true},"67":{"start":{"line":291,"column":8},"end":{"line":293,"column":54},"skip":true},"68":{"start":{"line":294,"column":8},"end":{"line":301,"column":37},"skip":true},"69":{"start":{"line":302,"column":8},"end":{"line":302,"column":82},"skip":true},"70":{"start":{"line":305,"column":8},"end":{"line":307,"column":9},"skip":true},"71":{"start":{"line":306,"column":12},"end":{"line":306,"column":82},"skip":true},"72":{"start":{"line":309,"column":8},"end":{"line":311,"column":9},"skip":true},"73":{"start":{"line":310,"column":12},"end":{"line":310,"column":18},"skip":true},"74":{"start":{"line":312,"column":8},"end":{"line":312,"column":54},"skip":true},"75":{"start":{"line":313,"column":8},"end":{"line":313,"column":69},"skip":true},"76":{"start":{"line":314,"column":8},"end":{"line":322,"column":36},"skip":true},"77":{"start":{"line":315,"column":12},"end":{"line":315,"column":61},"skip":true},"78":{"start":{"line":316,"column":12},"end":{"line":319,"column":13},"skip":true},"79":{"start":{"line":317,"column":16},"end":{"line":317,"column":75},"skip":true},"80":{"start":{"line":318,"column":16},"end":{"line":318,"column":23},"skip":true},"81":{"start":{"line":320,"column":12},"end":{"line":320,"column":38},"skip":true},"82":{"start":{"line":321,"column":12},"end":{"line":321,"column":27},"skip":true},"83":{"start":{"line":323,"column":8},"end":{"line":323,"column":14},"skip":true}},"branchMap":{"1":{"line":39,"type":"binary-expr","locations":[{"start":{"line":39,"column":23},"end":{"line":39,"column":62}},{"start":{"line":40,"column":20},"end":{"line":40,"column":70}},{"start":{"line":41,"column":20},"end":{"line":41,"column":71}},{"start":{"line":42,"column":20},"end":{"line":42,"column":29}}]},"2":{"line":44,"type":"binary-expr","locations":[{"start":{"line":44,"column":23},"end":{"line":44,"column":37}},{"start":{"line":45,"column":20},"end":{"line":45,"column":61}},{"start":{"line":46,"column":20},"end":{"line":46,"column":70}},{"start":{"line":47,"column":20},"end":{"line":47,"column":26}}]},"3":{"line":51,"type":"cond-expr","locations":[{"start":{"line":52,"column":14},"end":{"line":52,"column":20}},{"start":{"line":53,"column":14},"end":{"line":53,"column":20}}]},"4":{"line":55,"type":"binary-expr","locations":[{"start":{"line":55,"column":16},"end":{"line":55,"column":44}},{"start":{"line":55,"column":49},"end":{"line":57,"column":43}}]},"5":{"line":55,"type":"cond-expr","locations":[{"start":{"line":56,"column":14},"end":{"line":56,"column":51}},{"start":{"line":57,"column":14},"end":{"line":57,"column":43}}]},"6":{"line":61,"type":"switch","locations":[{"start":{"line":68,"column":4},"end":{"line":150,"column":14},"skip":true},{"start":{"line":156,"column":4},"end":{"line":323,"column":14},"skip":true}]},"7":{"line":70,"type":"if","locations":[{"start":{"line":70,"column":12},"end":{"line":70,"column":12},"skip":true},{"start":{"line":70,"column":12},"end":{"line":70,"column":12},"skip":true}]},"8":{"line":70,"type":"binary-expr","locations":[{"start":{"line":70,"column":16},"end":{"line":70,"column":22},"skip":true},{"start":{"line":70,"column":27},"end":{"line":70,"column":32},"skip":true},{"start":{"line":71,"column":20},"end":{"line":71,"column":39},"skip":true},{"start":{"line":72,"column":20},"end":{"line":72,"column":49},"skip":true},{"start":{"line":73,"column":20},"end":{"line":73,"column":58},"skip":true},{"start":{"line":74,"column":20},"end":{"line":74,"column":69},"skip":true}]},"9":{"line":79,"type":"switch","locations":[{"start":{"line":80,"column":20},"end":{"line":80,"column":33},"skip":true},{"start":{"line":81,"column":20},"end":{"line":83,"column":30},"skip":true},{"start":{"line":84,"column":20},"end":{"line":85,"column":49},"skip":true}]},"10":{"line":89,"type":"switch","locations":[{"start":{"line":90,"column":12},"end":{"line":103,"column":22},"skip":true},{"start":{"line":105,"column":12},"end":{"line":106,"column":22},"skip":true}]},"11":{"line":89,"type":"binary-expr","locations":[{"start":{"line":89,"column":20},"end":{"line":89,"column":25},"skip":true},{"start":{"line":89,"column":29},"end":{"line":89,"column":48},"skip":true},{"start":{"line":89,"column":52},"end":{"line":89,"column":74},"skip":true}]},"12":{"line":92,"type":"if","locations":[{"start":{"line":92,"column":16},"end":{"line":92,"column":16},"skip":true},{"start":{"line":92,"column":16},"end":{"line":92,"column":16},"skip":true}]},"13":{"line":108,"type":"if","locations":[{"start":{"line":108,"column":12},"end":{"line":108,"column":12},"skip":true},{"start":{"line":108,"column":12},"end":{"line":108,"column":12},"skip":true}]},"14":{"line":108,"type":"binary-expr","locations":[{"start":{"line":108,"column":16},"end":{"line":108,"column":61},"skip":true},{"start":{"line":108,"column":66},"end":{"line":108,"column":72},"skip":true},{"start":{"line":108,"column":77},"end":{"line":108,"column":82},"skip":true},{"start":{"line":109,"column":20},"end":{"line":109,"column":39},"skip":true},{"start":{"line":110,"column":20},"end":{"line":110,"column":49},"skip":true},{"start":{"line":111,"column":20},"end":{"line":111,"column":58},"skip":true},{"start":{"line":112,"column":20},"end":{"line":112,"column":68},"skip":true}]},"15":{"line":129,"type":"if","locations":[{"start":{"line":129,"column":16},"end":{"line":129,"column":16},"skip":true},{"start":{"line":129,"column":16},"end":{"line":129,"column":16},"skip":true}]},"16":{"line":134,"type":"cond-expr","locations":[{"start":{"line":135,"column":26},"end":{"line":135,"column":29},"skip":true},{"start":{"line":136,"column":26},"end":{"line":136,"column":54},"skip":true}]},"17":{"line":164,"type":"binary-expr","locations":[{"start":{"line":164,"column":27},"end":{"line":164,"column":43},"skip":true},{"start":{"line":164,"column":47},"end":{"line":164,"column":49},"skip":true}]},"18":{"line":258,"type":"if","locations":[{"start":{"line":258,"column":8},"end":{"line":258,"column":8},"skip":true},{"start":{"line":258,"column":8},"end":{"line":258,"column":8},"skip":true}]},"19":{"line":275,"type":"switch","locations":[{"start":{"line":276,"column":20},"end":{"line":277,"column":64},"skip":true},{"start":{"line":278,"column":20},"end":{"line":279,"column":40},"skip":true},{"start":{"line":280,"column":20},"end":{"line":281,"column":40},"skip":true},{"start":{"line":282,"column":20},"end":{"line":283,"column":39},"skip":true}]},"20":{"line":288,"type":"if","locations":[{"start":{"line":288,"column":8},"end":{"line":288,"column":8},"skip":true},{"start":{"line":288,"column":8},"end":{"line":288,"column":8},"skip":true}]},"21":{"line":288,"type":"binary-expr","locations":[{"start":{"line":288,"column":12},"end":{"line":288,"column":40},"skip":true},{"start":{"line":288,"column":44},"end":{"line":288,"column":67},"skip":true}]},"22":{"line":292,"type":"binary-expr","locations":[{"start":{"line":292,"column":12},"end":{"line":292,"column":50},"skip":true},{"start":{"line":293,"column":12},"end":{"line":293,"column":53},"skip":true}]},"23":{"line":295,"type":"binary-expr","locations":[{"start":{"line":295,"column":12},"end":{"line":295,"column":65},"skip":true},{"start":{"line":296,"column":12},"end":{"line":301,"column":36},"skip":true}]},"24":{"line":302,"type":"binary-expr","locations":[{"start":{"line":302,"column":43},"end":{"line":302,"column":75},"skip":true},{"start":{"line":302,"column":79},"end":{"line":302,"column":81},"skip":true}]},"25":{"line":305,"type":"if","locations":[{"start":{"line":305,"column":8},"end":{"line":305,"column":8},"skip":true},{"start":{"line":305,"column":8},"end":{"line":305,"column":8},"skip":true}]},"26":{"line":309,"type":"if","locations":[{"start":{"line":309,"column":8},"end":{"line":309,"column":8},"skip":true},{"start":{"line":309,"column":8},"end":{"line":309,"column":8},"skip":true}]},"27":{"line":312,"type":"binary-expr","locations":[{"start":{"line":312,"column":27},"end":{"line":312,"column":43},"skip":true},{"start":{"line":312,"column":47},"end":{"line":312,"column":53},"skip":true}]},"28":{"line":316,"type":"if","locations":[{"start":{"line":316,"column":12},"end":{"line":316,"column":12},"skip":true},{"start":{"line":316,"column":12},"end":{"line":316,"column":12},"skip":true}]}},"code":["/*","example.js","","quickstart example","","instruction","    1. save this script as example.js","    2. run the shell command:","        $ npm install npmtest-ioredis && PORT=8081 node example.js","    3. play with the browser-demo on http://127.0.0.1:8081","*/","","","","/* istanbul instrument in package npmtest_ioredis */","/*jslint","    bitwise: true,","    browser: true,","    maxerr: 8,","    maxlen: 96,","    node: true,","    nomen: true,","    regexp: true,","    stupid: true","*/","(function () {","    'use strict';","    var local;","","","","    // run shared js-env code - pre-init","    (function () {","        // init local","        local = {};","        // init modeJs","        local.modeJs = (function () {","            try {","                return typeof navigator.userAgent === 'string' &&","                    typeof document.querySelector('body') === 'object' &&","                    typeof XMLHttpRequest.prototype.open === 'function' &&","                    'browser';","            } catch (errorCaughtBrowser) {","                return module.exports &&","                    typeof process.versions.node === 'string' &&","                    typeof require('http').createServer === 'function' &&","                    'node';","            }","        }());","        // init global","        local.global = local.modeJs === 'browser'","            ? window","            : global;","        // init utility2_rollup","        local = local.global.utility2_rollup || (local.modeJs === 'browser'","            ? local.global.utility2_npmtest_ioredis","            : global.utility2_moduleExports);","        // export local","        local.global.local = local;","    }());","    switch (local.modeJs) {","","","","    // post-init","    // run browser js-env code - post-init","    /* istanbul ignore next */","    case 'browser':","        local.testRunBrowser = function (event) {","            if (!event || (event &&","                    event.currentTarget &&","                    event.currentTarget.className &&","                    event.currentTarget.className.includes &&","                    event.currentTarget.className.includes('onreset'))) {","                // reset output","                Array.from(","                    document.querySelectorAll('body > .resettable')","                ).forEach(function (element) {","                    switch (element.tagName) {","                    case 'INPUT':","                    case 'TEXTAREA':","                        element.value = '';","                        break;","                    default:","                        element.textContent = '';","                    }","                });","            }","            switch (event && event.currentTarget && event.currentTarget.id) {","            case 'testRunButton1':","                // show tests","                if (document.querySelector('#testReportDiv1').style.display === 'none') {","                    document.querySelector('#testReportDiv1').style.display = 'block';","                    document.querySelector('#testRunButton1').textContent =","                        'hide internal test';","                    local.modeTest = true;","                    local.testRunDefault(local);","                // hide tests","                } else {","                    document.querySelector('#testReportDiv1').style.display = 'none';","                    document.querySelector('#testRunButton1').textContent = 'run internal test';","                }","                break;","            // custom-case","            default:","                break;","            }","            if (document.querySelector('#inputTextareaEval1') && (!event || (event &&","                    event.currentTarget &&","                    event.currentTarget.className &&","                    event.currentTarget.className.includes &&","                    event.currentTarget.className.includes('oneval')))) {","                // try to eval input-code","                try {","                    /*jslint evil: true*/","                    eval(document.querySelector('#inputTextareaEval1').value);","                } catch (errorCaught) {","                    console.error(errorCaught);","                }","            }","        };","        // log stderr and stdout to #outputTextareaStdout1","        ['error', 'log'].forEach(function (key) {","            console[key + '_original'] = console[key];","            console[key] = function () {","                var element;","                console[key + '_original'].apply(console, arguments);","                element = document.querySelector('#outputTextareaStdout1');","                if (!element) {","                    return;","                }","                // append text to #outputTextareaStdout1","                element.value += Array.from(arguments).map(function (arg) {","                    return typeof arg === 'string'","                        ? arg","                        : JSON.stringify(arg, null, 4);","                }).join(' ') + '\\n';","                // scroll textarea to bottom","                element.scrollTop = element.scrollHeight;","            };","        });","        // init event-handling","        ['change', 'click', 'keyup'].forEach(function (event) {","            Array.from(document.querySelectorAll('.on' + event)).forEach(function (element) {","                element.addEventListener(event, local.testRunBrowser);","            });","        });","        // run tests","        local.testRunBrowser();","        break;","","","","    // run node js-env code - post-init","    /* istanbul ignore next */","    case 'node':","        // export local","        module.exports = local;","        // require modules","        local.fs = require('fs');","        local.http = require('http');","        local.url = require('url');","        // init assets","        local.assetsDict = local.assetsDict || {};","        /* jslint-ignore-begin */","        local.assetsDict['/assets.index.template.html'] = '\\","<!doctype html>\\n\\","<html lang=\"en\">\\n\\","<head>\\n\\","<meta charset=\"UTF-8\">\\n\\","<meta name=\"viewport\" content=\"width=device-width, initial-scale=1\">\\n\\","<title>{{env.npm_package_name}} (v{{env.npm_package_version}})</title>\\n\\","<style>\\n\\","/*csslint\\n\\","    box-sizing: false,\\n\\","    universal-selector: false\\n\\","*/\\n\\","* {\\n\\","    box-sizing: border-box;\\n\\","}\\n\\","body {\\n\\","    background: #dde;\\n\\","    font-family: Arial, Helvetica, sans-serif;\\n\\","    margin: 2rem;\\n\\","}\\n\\","body > * {\\n\\","    margin-bottom: 1rem;\\n\\","}\\n\\",".utility2FooterDiv {\\n\\","    margin-top: 20px;\\n\\","    text-align: center;\\n\\","}\\n\\","</style>\\n\\","<style>\\n\\","/*csslint\\n\\","*/\\n\\","textarea {\\n\\","    font-family: monospace;\\n\\","    height: 10rem;\\n\\","    width: 100%;\\n\\","}\\n\\","textarea[readonly] {\\n\\","    background: #ddd;\\n\\","}\\n\\","</style>\\n\\","</head>\\n\\","<body>\\n\\","<!-- utility2-comment\\n\\","<div id=\"ajaxProgressDiv1\" style=\"background: #d00; height: 2px; left: 0; margin: 0; padding: 0; position: fixed; top: 0; transition: background 0.5s, width 1.5s; width: 25%;\"></div>\\n\\","utility2-comment -->\\n\\","<h1>\\n\\","<!-- utility2-comment\\n\\","    <a\\n\\","        {{#if env.npm_package_homepage}}\\n\\","        href=\"{{env.npm_package_homepage}}\"\\n\\","        {{/if env.npm_package_homepage}}\\n\\","        target=\"_blank\"\\n\\","    >\\n\\","utility2-comment -->\\n\\","        {{env.npm_package_name}} (v{{env.npm_package_version}})\\n\\","<!-- utility2-comment\\n\\","    </a>\\n\\","utility2-comment -->\\n\\","</h1>\\n\\","<h3>{{env.npm_package_description}}</h3>\\n\\","<!-- utility2-comment\\n\\","<h4><a download href=\"assets.app.js\">download standalone app</a></h4>\\n\\","<button class=\"onclick onreset\" id=\"testRunButton1\">run internal test</button><br>\\n\\","<div id=\"testReportDiv1\" style=\"display: none;\"></div>\\n\\","utility2-comment -->\\n\\","\\n\\","\\n\\","\\n\\","<label>stderr and stdout</label>\\n\\","<textarea class=\"resettable\" id=\"outputTextareaStdout1\" readonly></textarea>\\n\\","<!-- utility2-comment\\n\\","{{#if isRollup}}\\n\\","<script src=\"assets.app.js\"></script>\\n\\","{{#unless isRollup}}\\n\\","utility2-comment -->\\n\\","<script src=\"assets.utility2.rollup.js\"></script>\\n\\","<script src=\"jsonp.utility2._stateInit?callback=window.utility2._stateInit\"></script>\\n\\","<script src=\"assets.npmtest_ioredis.rollup.js\"></script>\\n\\","<script src=\"assets.example.js\"></script>\\n\\","<script src=\"assets.test.js\"></script>\\n\\","<!-- utility2-comment\\n\\","{{/if isRollup}}\\n\\","utility2-comment -->\\n\\","<div class=\"utility2FooterDiv\">\\n\\","    [ this app was created with\\n\\","    <a href=\"https://github.com/kaizhu256/node-utility2\" target=\"_blank\">utility2</a>\\n\\","    ]\\n\\","</div>\\n\\","</body>\\n\\","</html>\\n\\","';","        /* jslint-ignore-end */","        if (local.templateRender) {","            local.assetsDict['/'] = local.templateRender(","                local.assetsDict['/assets.index.template.html'],","                {","                    env: local.objectSetDefault(local.env, {","                        npm_package_description: 'the greatest app in the world!',","                        npm_package_name: 'my-app',","                        npm_package_nameAlias: 'my_app',","                        npm_package_version: '0.0.1'","                    })","                }","            );","        } else {","            local.assetsDict['/'] = local.assetsDict['/assets.index.template.html']","                .replace((/\\{\\{env\\.(\\w+?)\\}\\}/g), function (match0, match1) {","                    // jslint-hack","                    String(match0);","                    switch (match1) {","                    case 'npm_package_description':","                        return 'the greatest app in the world!';","                    case 'npm_package_name':","                        return 'my-app';","                    case 'npm_package_nameAlias':","                        return 'my_app';","                    case 'npm_package_version':","                        return '0.0.1';","                    }","                });","        }","        // run the cli","        if (local.global.utility2_rollup || module !== require.main) {","            break;","        }","        local.assetsDict['/assets.example.js'] =","            local.assetsDict['/assets.example.js'] ||","            local.fs.readFileSync(__filename, 'utf8');","        local.assetsDict['/assets.npmtest_ioredis.rollup.js'] =","            local.assetsDict['/assets.npmtest_ioredis.rollup.js'] ||","            local.fs.readFileSync(","                // buildCustomOrg-hack","                local.npmtest_ioredis.__dirname +","                    '/lib.npmtest_ioredis.js',","                'utf8'","            ).replace((/^#!/), '//');","        local.assetsDict['/favicon.ico'] = local.assetsDict['/favicon.ico'] || '';","        // if $npm_config_timeout_exit exists,","        // then exit this process after $npm_config_timeout_exit ms","        if (Number(process.env.npm_config_timeout_exit)) {","            setTimeout(process.exit, Number(process.env.npm_config_timeout_exit));","        }","        // start server","        if (local.global.utility2_serverHttp1) {","            break;","        }","        process.env.PORT = process.env.PORT || '8081';","        console.error('server starting on port ' + process.env.PORT);","        local.http.createServer(function (request, response) {","            request.urlParsed = local.url.parse(request.url);","            if (local.assetsDict[request.urlParsed.pathname] !== undefined) {","                response.end(local.assetsDict[request.urlParsed.pathname]);","                return;","            }","            response.statusCode = 404;","            response.end();","        }).listen(process.env.PORT);","        break;","    }","}());",""],"l":{"26":2,"28":2,"33":2,"35":2,"37":2,"38":2,"39":2,"44":1,"51":2,"55":2,"59":2,"61":2,"69":1,"70":2,"76":2,"79":2,"82":2,"83":2,"85":1,"89":2,"92":1,"93":1,"94":1,"96":1,"97":1,"100":1,"101":1,"103":1,"106":1,"108":2,"114":1,"116":1,"118":1,"123":1,"124":2,"125":2,"126":2,"127":2,"128":2,"129":2,"130":1,"133":2,"134":2,"139":2,"143":1,"144":3,"145":1,"149":1,"150":1,"158":1,"160":1,"161":1,"162":1,"164":1,"166":1,"258":1,"259":1,"271":1,"274":6,"275":6,"277":1,"279":2,"281":1,"283":2,"288":1,"289":1,"291":1,"294":1,"302":1,"305":1,"306":1,"309":1,"310":1,"312":1,"313":1,"314":1,"315":1,"316":1,"317":1,"318":1,"320":1,"321":1,"323":1}},"/home/travis/build/npmtest/node-npmtest-ioredis/node_modules/ioredis/index.js":{"path":"/home/travis/build/npmtest/node-npmtest-ioredis/node_modules/ioredis/index.js","s":{"1":1,"2":1,"3":1,"4":1,"5":1,"6":1,"7":0,"8":0,"9":0},"b":{"1":[0,0]},"f":{"1":0},"fnMap":{"1":{"name":"(anonymous_1)","line":10,"loc":{"start":{"line":10,"column":16},"end":{"line":10,"column":38}}}},"statementMap":{"1":{"start":{"line":3,"column":0},"end":{"line":3,"column":50}},"2":{"start":{"line":5,"column":0},"end":{"line":5,"column":50}},"3":{"start":{"line":6,"column":0},"end":{"line":6,"column":38}},"4":{"start":{"line":7,"column":0},"end":{"line":7,"column":43}},"5":{"start":{"line":8,"column":0},"end":{"line":8,"column":43}},"6":{"start":{"line":10,"column":0},"end":{"line":16,"column":2}},"7":{"start":{"line":11,"column":2},"end":{"line":15,"column":3}},"8":{"start":{"line":12,"column":4},"end":{"line":12,"column":33}},"9":{"start":{"line":14,"column":4},"end":{"line":14,"column":35}}},"branchMap":{"1":{"line":11,"type":"if","locations":[{"start":{"line":11,"column":2},"end":{"line":11,"column":2}},{"start":{"line":11,"column":2},"end":{"line":11,"column":2}}]}},"code":["'use strict';","","exports = module.exports = require('./lib/redis');","","exports.ReplyError = require('./lib/reply_error');","exports.Promise = require('bluebird');","exports.Cluster = require('./lib/cluster');","exports.Command = require('./lib/command');","","exports.print = function (err, reply) {","  if (err) {","    console.log('Error: ' + err);","  } else {","    console.log('Reply: ' + reply);","  }","};",""],"l":{"3":1,"5":1,"6":1,"7":1,"8":1,"10":1,"11":0,"12":0,"14":0}},"/home/travis/build/npmtest/node-npmtest-ioredis/node_modules/ioredis/lib/redis.js":{"path":"/home/travis/build/npmtest/node-npmtest-ioredis/node_modules/ioredis/lib/redis.js","s":{"1":1,"2":1,"3":1,"4":1,"5":1,"6":1,"7":1,"8":1,"9":1,"10":1,"11":1,"12":1,"13":1,"14":1,"15":1,"16":0,"17":0,"18":0,"19":0,"20":0,"21":0,"22":0,"23":0,"24":0,"25":0,"26":0,"27":0,"28":0,"29":0,"30":1,"31":1,"32":1,"33":0,"34":1,"35":0,"36":0,"37":1,"38":0,"39":1,"40":0,"41":1,"42":0,"43":0,"44":0,"45":0,"46":0,"47":0,"48":0,"49":0,"50":0,"51":0,"52":0,"53":0,"54":0,"55":0,"56":0,"57":0,"58":0,"59":1,"60":0,"61":0,"62":0,"63":0,"64":0,"65":0,"66":0,"67":0,"68":0,"69":1,"70":0,"71":0,"72":0,"73":0,"74":0,"75":0,"76":0,"77":0,"78":0,"79":0,"80":0,"81":0,"82":0,"83":0,"84":0,"85":0,"86":0,"87":0,"88":0,"89":0,"90":0,"91":0,"92":0,"93":0,"94":0,"95":0,"96":0,"97":0,"98":0,"99":0,"100":0,"101":0,"102":0,"103":0,"104":0,"105":0,"106":0,"107":0,"108":0,"109":0,"110":0,"111":0,"112":0,"113":1,"114":0,"115":0,"116":0,"117":0,"118":0,"119":0,"120":0,"121":0,"122":1,"123":0,"124":1,"125":0,"126":1,"127":0,"128":0,"129":0,"130":0,"131":0,"132":0,"133":0,"134":0,"135":0,"136":0,"137":0,"138":0,"139":0,"140":1,"141":0,"142":0,"143":0,"144":0,"145":0,"146":0,"147":0,"148":0,"149":0,"150":0,"151":0,"152":0,"153":0,"154":0,"155":0,"156":0,"157":0,"158":0,"159":1,"160":0,"161":0,"162":0,"163":0,"164":0,"165":0,"166":0,"167":0,"168":0,"169":0,"170":0,"171":0,"172":0,"173":1,"174":0,"175":0,"176":0,"177":0,"178":1,"179":1,"180":0,"181":0,"182":0,"183":0,"184":0,"185":0,"186":0,"187":0,"188":0,"189":0,"190":0,"191":0,"192":0,"193":0,"194":0,"195":0,"196":0,"197":0,"198":0,"199":0,"200":0,"201":0,"202":0,"203":0,"204":0,"205":0,"206":0,"207":0,"208":0,"209":0,"210":0,"211":0,"212":0,"213":0,"214":0,"215":0,"216":0,"217":0,"218":1,"219":8,"220":0,"221":0,"222":0,"223":0,"224":1,"225":1},"b":{"1":[0,0],"2":[0,0],"3":[0,0],"4":[0,0],"5":[0,0],"6":[0,0],"7":[0,0],"8":[0,0],"9":[0,0],"10":[0,0],"11":[0,0],"12":[0,0],"13":[0,0,0],"14":[0,0],"15":[0,0],"16":[0,0,0],"17":[0,0],"18":[0,0],"19":[0,0],"20":[0,0],"21":[0,0],"22":[0,0],"23":[0,0],"24":[0,0],"25":[0,0],"26":[0,0],"27":[0,0],"28":[0,0],"29":[0,0],"30":[0,0],"31":[0,0],"32":[0,0],"33":[0,0],"34":[0,0],"35":[0,0],"36":[0,0],"37":[0,0],"38":[0,0],"39":[0,0],"40":[0,0,0,0],"41":[0,0],"42":[0,0],"43":[0,0],"44":[0,0],"45":[0,0],"46":[0,0],"47":[0,0],"48":[0,0,0,0],"49":[0,0],"50":[0,0],"51":[0,0],"52":[0,0],"53":[0,0],"54":[0,0],"55":[0,0],"56":[0,0,0],"57":[0,0],"58":[0,0],"59":[0,0],"60":[0,0],"61":[0,0],"62":[0,0],"63":[0,0],"64":[0,0],"65":[0,0]},"f":{"1":0,"2":0,"3":0,"4":0,"5":0,"6":0,"7":0,"8":0,"9":0,"10":0,"11":0,"12":0,"13":0,"14":0,"15":0,"16":0,"17":0,"18":0,"19":0,"20":0,"21":0,"22":0,"23":0,"24":0,"25":0,"26":0,"27":0,"28":8,"29":0},"fnMap":{"1":{"name":"Redis","line":107,"loc":{"start":{"line":107,"column":0},"end":{"line":107,"column":17}}},"2":{"name":"(anonymous_2)","line":144,"loc":{"start":{"line":144,"column":21},"end":{"line":144,"column":33}}},"3":{"name":"(anonymous_3)","line":160,"loc":{"start":{"line":160,"column":17},"end":{"line":160,"column":34}}},"4":{"name":"(anonymous_4)","line":170,"loc":{"start":{"line":170,"column":25},"end":{"line":170,"column":42}}},"5":{"name":"(anonymous_5)","line":190,"loc":{"start":{"line":190,"column":36},"end":{"line":190,"column":48}}},"6":{"name":"(anonymous_6)","line":194,"loc":{"start":{"line":194,"column":36},"end":{"line":194,"column":48}}},"7":{"name":"(anonymous_7)","line":198,"loc":{"start":{"line":198,"column":31},"end":{"line":198,"column":43}}},"8":{"name":"(anonymous_8)","line":229,"loc":{"start":{"line":229,"column":28},"end":{"line":229,"column":51}}},"9":{"name":"(anonymous_9)","line":251,"loc":{"start":{"line":251,"column":26},"end":{"line":251,"column":46}}},"10":{"name":"(anonymous_10)","line":252,"loc":{"start":{"line":252,"column":21},"end":{"line":252,"column":48}}},"11":{"name":"(anonymous_11)","line":266,"loc":{"start":{"line":266,"column":27},"end":{"line":266,"column":50}}},"12":{"name":"(anonymous_12)","line":287,"loc":{"start":{"line":287,"column":56},"end":{"line":287,"column":68}}},"13":{"name":"(anonymous_13)","line":297,"loc":{"start":{"line":297,"column":35},"end":{"line":297,"column":47}}},"14":{"name":"(anonymous_14)","line":306,"loc":{"start":{"line":306,"column":37},"end":{"line":306,"column":49}}},"15":{"name":"(anonymous_15)","line":310,"loc":{"start":{"line":310,"column":35},"end":{"line":310,"column":47}}},"16":{"name":"(anonymous_16)","line":328,"loc":{"start":{"line":328,"column":29},"end":{"line":328,"column":50}}},"17":{"name":"(anonymous_17)","line":348,"loc":{"start":{"line":348,"column":22},"end":{"line":348,"column":34}}},"18":{"name":"(anonymous_18)","line":363,"loc":{"start":{"line":363,"column":28},"end":{"line":363,"column":48}}},"19":{"name":"(anonymous_19)","line":374,"loc":{"start":{"line":374,"column":29},"end":{"line":374,"column":55}}},"20":{"name":"(anonymous_20)","line":408,"loc":{"start":{"line":408,"column":30},"end":{"line":408,"column":50}}},"21":{"name":"(anonymous_21)","line":410,"loc":{"start":{"line":410,"column":12},"end":{"line":410,"column":32}}},"22":{"name":"(anonymous_22)","line":433,"loc":{"start":{"line":433,"column":17},"end":{"line":433,"column":29}}},"23":{"name":"(anonymous_23)","line":448,"loc":{"start":{"line":448,"column":29},"end":{"line":448,"column":50}}},"24":{"name":"(anonymous_24)","line":507,"loc":{"start":{"line":507,"column":26},"end":{"line":507,"column":46}}},"25":{"name":"(anonymous_25)","line":513,"loc":{"start":{"line":513,"column":21},"end":{"line":513,"column":40}}},"26":{"name":"(anonymous_26)","line":514,"loc":{"start":{"line":514,"column":39},"end":{"line":514,"column":51}}},"27":{"name":"(anonymous_27)","line":553,"loc":{"start":{"line":553,"column":30},"end":{"line":553,"column":57}}},"28":{"name":"(anonymous_28)","line":623,"loc":{"start":{"line":623,"column":9},"end":{"line":623,"column":28}}},"29":{"name":"(anonymous_29)","line":624,"loc":{"start":{"line":624,"column":40},"end":{"line":624,"column":64}}}},"statementMap":{"1":{"start":{"line":3,"column":0},"end":{"line":3,"column":26}},"2":{"start":{"line":4,"column":0},"end":{"line":4,"column":27}},"3":{"start":{"line":5,"column":0},"end":{"line":5,"column":50}},"4":{"start":{"line":6,"column":0},"end":{"line":6,"column":34}},"5":{"start":{"line":7,"column":0},"end":{"line":7,"column":42}},"6":{"start":{"line":8,"column":0},"end":{"line":8,"column":35}},"7":{"start":{"line":9,"column":0},"end":{"line":9,"column":39}},"8":{"start":{"line":10,"column":0},"end":{"line":10,"column":31}},"9":{"start":{"line":11,"column":0},"end":{"line":11,"column":52}},"10":{"start":{"line":12,"column":0},"end":{"line":12,"column":46}},"11":{"start":{"line":13,"column":0},"end":{"line":13,"column":50}},"12":{"start":{"line":14,"column":0},"end":{"line":14,"column":67}},"13":{"start":{"line":15,"column":0},"end":{"line":15,"column":42}},"14":{"start":{"line":16,"column":0},"end":{"line":16,"column":41}},"15":{"start":{"line":107,"column":0},"end":{"line":134,"column":1}},"16":{"start":{"line":108,"column":2},"end":{"line":110,"column":3}},"17":{"start":{"line":109,"column":4},"end":{"line":109,"column":63}},"18":{"start":{"line":112,"column":2},"end":{"line":112,"column":26}},"19":{"start":{"line":113,"column":2},"end":{"line":113,"column":23}},"20":{"start":{"line":115,"column":2},"end":{"line":115,"column":62}},"21":{"start":{"line":117,"column":2},"end":{"line":117,"column":27}},"22":{"start":{"line":118,"column":2},"end":{"line":118,"column":27}},"23":{"start":{"line":120,"column":2},"end":{"line":124,"column":3}},"24":{"start":{"line":121,"column":4},"end":{"line":121,"column":57}},"25":{"start":{"line":123,"column":4},"end":{"line":123,"column":49}},"26":{"start":{"line":126,"column":2},"end":{"line":126,"column":25}},"27":{"start":{"line":129,"column":2},"end":{"line":133,"column":3}},"28":{"start":{"line":130,"column":4},"end":{"line":130,"column":27}},"29":{"start":{"line":132,"column":4},"end":{"line":132,"column":33}},"30":{"start":{"line":136,"column":0},"end":{"line":136,"column":35}},"31":{"start":{"line":137,"column":0},"end":{"line":137,"column":47}},"32":{"start":{"line":144,"column":0},"end":{"line":146,"column":2}},"33":{"start":{"line":145,"column":2},"end":{"line":145,"column":38}},"34":{"start":{"line":154,"column":0},"end":{"line":188,"column":2}},"35":{"start":{"line":161,"column":4},"end":{"line":161,"column":37}},"36":{"start":{"line":171,"column":4},"end":{"line":171,"column":38}},"37":{"start":{"line":190,"column":0},"end":{"line":192,"column":2}},"38":{"start":{"line":191,"column":2},"end":{"line":191,"column":34}},"39":{"start":{"line":194,"column":0},"end":{"line":196,"column":2}},"40":{"start":{"line":195,"column":2},"end":{"line":195,"column":34}},"41":{"start":{"line":198,"column":0},"end":{"line":223,"column":2}},"42":{"start":{"line":199,"column":2},"end":{"line":199,"column":20}},"43":{"start":{"line":200,"column":2},"end":{"line":214,"column":3}},"44":{"start":{"line":201,"column":4},"end":{"line":201,"column":27}},"45":{"start":{"line":202,"column":4},"end":{"line":204,"column":5}},"46":{"start":{"line":203,"column":6},"end":{"line":203,"column":15}},"47":{"start":{"line":205,"column":4},"end":{"line":213,"column":5}},"48":{"start":{"line":206,"column":6},"end":{"line":206,"column":36}},"49":{"start":{"line":207,"column":11},"end":{"line":213,"column":5}},"50":{"start":{"line":208,"column":6},"end":{"line":208,"column":52}},"51":{"start":{"line":209,"column":11},"end":{"line":213,"column":5}},"52":{"start":{"line":210,"column":6},"end":{"line":210,"column":30}},"53":{"start":{"line":212,"column":6},"end":{"line":212,"column":49}},"54":{"start":{"line":215,"column":2},"end":{"line":215,"column":49}},"55":{"start":{"line":217,"column":2},"end":{"line":219,"column":3}},"56":{"start":{"line":218,"column":4},"end":{"line":218,"column":56}},"57":{"start":{"line":220,"column":2},"end":{"line":222,"column":3}},"58":{"start":{"line":221,"column":4},"end":{"line":221,"column":52}},"59":{"start":{"line":229,"column":0},"end":{"line":242,"column":2}},"60":{"start":{"line":230,"column":2},"end":{"line":230,"column":14}},"61":{"start":{"line":231,"column":2},"end":{"line":237,"column":3}},"62":{"start":{"line":232,"column":4},"end":{"line":232,"column":32}},"63":{"start":{"line":233,"column":9},"end":{"line":237,"column":3}},"64":{"start":{"line":234,"column":4},"end":{"line":234,"column":71}},"65":{"start":{"line":236,"column":4},"end":{"line":236,"column":58}},"66":{"start":{"line":239,"column":2},"end":{"line":239,"column":75}},"67":{"start":{"line":240,"column":2},"end":{"line":240,"column":23}},"68":{"start":{"line":241,"column":2},"end":{"line":241,"column":54}},"69":{"start":{"line":251,"column":0},"end":{"line":318,"column":2}},"70":{"start":{"line":252,"column":2},"end":{"line":317,"column":34}},"71":{"start":{"line":253,"column":4},"end":{"line":256,"column":5}},"72":{"start":{"line":254,"column":6},"end":{"line":254,"column":65}},"73":{"start":{"line":255,"column":6},"end":{"line":255,"column":13}},"74":{"start":{"line":257,"column":4},"end":{"line":257,"column":33}},"75":{"start":{"line":259,"column":4},"end":{"line":263,"column":6}},"76":{"start":{"line":265,"column":4},"end":{"line":265,"column":21}},"77":{"start":{"line":266,"column":4},"end":{"line":316,"column":7}},"78":{"start":{"line":267,"column":6},"end":{"line":273,"column":7}},"79":{"start":{"line":268,"column":8},"end":{"line":268,"column":30}},"80":{"start":{"line":269,"column":8},"end":{"line":269,"column":39}},"81":{"start":{"line":270,"column":8},"end":{"line":270,"column":20}},"82":{"start":{"line":271,"column":8},"end":{"line":271,"column":31}},"83":{"start":{"line":272,"column":8},"end":{"line":272,"column":15}},"84":{"start":{"line":274,"column":6},"end":{"line":274,"column":74}},"85":{"start":{"line":276,"column":6},"end":{"line":276,"column":28}},"86":{"start":{"line":277,"column":6},"end":{"line":279,"column":7}},"87":{"start":{"line":278,"column":8},"end":{"line":278,"column":59}},"88":{"start":{"line":281,"column":6},"end":{"line":281,"column":69}},"89":{"start":{"line":282,"column":6},"end":{"line":282,"column":61}},"90":{"start":{"line":283,"column":6},"end":{"line":283,"column":61}},"91":{"start":{"line":284,"column":6},"end":{"line":284,"column":57}},"92":{"start":{"line":286,"column":6},"end":{"line":300,"column":7}},"93":{"start":{"line":287,"column":8},"end":{"line":296,"column":11}},"94":{"start":{"line":288,"column":10},"end":{"line":288,"column":31}},"95":{"start":{"line":289,"column":10},"end":{"line":289,"column":27}},"96":{"start":{"line":291,"column":10},"end":{"line":291,"column":51}},"97":{"start":{"line":292,"column":10},"end":{"line":292,"column":36}},"98":{"start":{"line":293,"column":10},"end":{"line":293,"column":33}},"99":{"start":{"line":294,"column":10},"end":{"line":294,"column":34}},"100":{"start":{"line":295,"column":10},"end":{"line":295,"column":48}},"101":{"start":{"line":297,"column":8},"end":{"line":299,"column":11}},"102":{"start":{"line":298,"column":10},"end":{"line":298,"column":31}},"103":{"start":{"line":302,"column":6},"end":{"line":304,"column":7}},"104":{"start":{"line":303,"column":8},"end":{"line":303,"column":32}},"105":{"start":{"line":306,"column":6},"end":{"line":309,"column":8}},"106":{"start":{"line":307,"column":8},"end":{"line":307,"column":62}},"107":{"start":{"line":308,"column":8},"end":{"line":308,"column":18}},"108":{"start":{"line":310,"column":6},"end":{"line":313,"column":8}},"109":{"start":{"line":311,"column":8},"end":{"line":311,"column":70}},"110":{"start":{"line":312,"column":8},"end":{"line":312,"column":61}},"111":{"start":{"line":314,"column":6},"end":{"line":314,"column":58}},"112":{"start":{"line":315,"column":6},"end":{"line":315,"column":50}},"113":{"start":{"line":328,"column":0},"end":{"line":341,"column":2}},"114":{"start":{"line":329,"column":2},"end":{"line":331,"column":3}},"115":{"start":{"line":330,"column":4},"end":{"line":330,"column":32}},"116":{"start":{"line":332,"column":2},"end":{"line":335,"column":3}},"117":{"start":{"line":333,"column":4},"end":{"line":333,"column":40}},"118":{"start":{"line":334,"column":4},"end":{"line":334,"column":33}},"119":{"start":{"line":336,"column":2},"end":{"line":340,"column":3}},"120":{"start":{"line":337,"column":4},"end":{"line":337,"column":38}},"121":{"start":{"line":339,"column":4},"end":{"line":339,"column":32}},"122":{"start":{"line":348,"column":0},"end":{"line":350,"column":2}},"123":{"start":{"line":349,"column":2},"end":{"line":349,"column":20}},"124":{"start":{"line":363,"column":0},"end":{"line":365,"column":2}},"125":{"start":{"line":364,"column":2},"end":{"line":364,"column":72}},"126":{"start":{"line":374,"column":0},"end":{"line":399,"column":2}},"127":{"start":{"line":375,"column":2},"end":{"line":378,"column":5}},"128":{"start":{"line":380,"column":2},"end":{"line":380,"column":11}},"129":{"start":{"line":381,"column":2},"end":{"line":386,"column":3}},"130":{"start":{"line":382,"column":4},"end":{"line":385,"column":5}},"131":{"start":{"line":383,"column":6},"end":{"line":383,"column":39}},"132":{"start":{"line":384,"column":6},"end":{"line":384,"column":33}},"133":{"start":{"line":388,"column":2},"end":{"line":398,"column":3}},"134":{"start":{"line":389,"column":4},"end":{"line":397,"column":5}},"135":{"start":{"line":390,"column":6},"end":{"line":392,"column":7}},"136":{"start":{"line":391,"column":8},"end":{"line":391,"column":47}},"137":{"start":{"line":393,"column":6},"end":{"line":396,"column":7}},"138":{"start":{"line":394,"column":8},"end":{"line":394,"column":41}},"139":{"start":{"line":395,"column":8},"end":{"line":395,"column":35}},"140":{"start":{"line":408,"column":0},"end":{"line":438,"column":2}},"141":{"start":{"line":409,"column":2},"end":{"line":409,"column":19}},"142":{"start":{"line":410,"column":2},"end":{"line":437,"column":5}},"143":{"start":{"line":411,"column":4},"end":{"line":413,"column":5}},"144":{"start":{"line":412,"column":6},"end":{"line":412,"column":27}},"145":{"start":{"line":414,"column":4},"end":{"line":416,"column":5}},"146":{"start":{"line":415,"column":6},"end":{"line":415,"column":33}},"147":{"start":{"line":418,"column":4},"end":{"line":418,"column":18}},"148":{"start":{"line":420,"column":4},"end":{"line":420,"column":34}},"149":{"start":{"line":421,"column":4},"end":{"line":426,"column":5}},"150":{"start":{"line":422,"column":6},"end":{"line":422,"column":38}},"151":{"start":{"line":423,"column":6},"end":{"line":425,"column":7}},"152":{"start":{"line":424,"column":8},"end":{"line":424,"column":34}},"153":{"start":{"line":428,"column":4},"end":{"line":436,"column":5}},"154":{"start":{"line":429,"column":6},"end":{"line":429,"column":27}},"155":{"start":{"line":431,"column":6},"end":{"line":431,"column":61}},"156":{"start":{"line":432,"column":6},"end":{"line":432,"column":79}},"157":{"start":{"line":433,"column":6},"end":{"line":435,"column":20}},"158":{"start":{"line":434,"column":8},"end":{"line":434,"column":36}},"159":{"start":{"line":448,"column":0},"end":{"line":478,"column":2}},"160":{"start":{"line":449,"column":2},"end":{"line":449,"column":12}},"161":{"start":{"line":450,"column":2},"end":{"line":470,"column":3}},"162":{"start":{"line":451,"column":4},"end":{"line":451,"column":25}},"163":{"start":{"line":453,"column":4},"end":{"line":455,"column":5}},"164":{"start":{"line":454,"column":6},"end":{"line":454,"column":13}},"165":{"start":{"line":457,"column":4},"end":{"line":469,"column":5}},"166":{"start":{"line":459,"column":6},"end":{"line":468,"column":7}},"167":{"start":{"line":467,"column":8},"end":{"line":467,"column":15}},"168":{"start":{"line":471,"column":2},"end":{"line":473,"column":3}},"169":{"start":{"line":472,"column":4},"end":{"line":472,"column":44}},"170":{"start":{"line":474,"column":2},"end":{"line":476,"column":3}},"171":{"start":{"line":475,"column":4},"end":{"line":475,"column":67}},"172":{"start":{"line":477,"column":2},"end":{"line":477,"column":15}},"173":{"start":{"line":507,"column":0},"end":{"line":518,"column":2}},"174":{"start":{"line":508,"column":2},"end":{"line":511,"column":5}},"175":{"start":{"line":513,"column":2},"end":{"line":517,"column":23}},"176":{"start":{"line":514,"column":4},"end":{"line":516,"column":7}},"177":{"start":{"line":515,"column":6},"end":{"line":515,"column":31}},"178":{"start":{"line":520,"column":0},"end":{"line":520,"column":64}},"179":{"start":{"line":553,"column":0},"end":{"line":620,"column":2}},"180":{"start":{"line":554,"column":2},"end":{"line":556,"column":3}},"181":{"start":{"line":555,"column":4},"end":{"line":555,"column":33}},"182":{"start":{"line":557,"column":2},"end":{"line":560,"column":3}},"183":{"start":{"line":558,"column":4},"end":{"line":558,"column":65}},"184":{"start":{"line":559,"column":4},"end":{"line":559,"column":27}},"185":{"start":{"line":561,"column":2},"end":{"line":564,"column":3}},"186":{"start":{"line":562,"column":4},"end":{"line":562,"column":101}},"187":{"start":{"line":563,"column":4},"end":{"line":563,"column":27}},"188":{"start":{"line":566,"column":2},"end":{"line":567,"column":90}},"189":{"start":{"line":568,"column":2},"end":{"line":575,"column":3}},"190":{"start":{"line":569,"column":4},"end":{"line":569,"column":21}},"191":{"start":{"line":570,"column":9},"end":{"line":575,"column":3}},"192":{"start":{"line":571,"column":4},"end":{"line":571,"column":21}},"193":{"start":{"line":572,"column":9},"end":{"line":575,"column":3}},"194":{"start":{"line":574,"column":4},"end":{"line":574,"column":21}},"195":{"start":{"line":577,"column":2},"end":{"line":580,"column":3}},"196":{"start":{"line":578,"column":4},"end":{"line":578,"column":97}},"197":{"start":{"line":579,"column":4},"end":{"line":579,"column":27}},"198":{"start":{"line":582,"column":2},"end":{"line":586,"column":3}},"199":{"start":{"line":583,"column":4},"end":{"line":583,"column":22}},"200":{"start":{"line":584,"column":4},"end":{"line":584,"column":38}},"201":{"start":{"line":585,"column":4},"end":{"line":585,"column":27}},"202":{"start":{"line":588,"column":2},"end":{"line":608,"column":3}},"203":{"start":{"line":589,"column":4},"end":{"line":589,"column":92}},"204":{"start":{"line":590,"column":4},"end":{"line":590,"column":56}},"205":{"start":{"line":592,"column":4},"end":{"line":596,"column":7}},"206":{"start":{"line":598,"column":4},"end":{"line":600,"column":5}},"207":{"start":{"line":599,"column":6},"end":{"line":599,"column":34}},"208":{"start":{"line":601,"column":9},"end":{"line":608,"column":3}},"209":{"start":{"line":602,"column":4},"end":{"line":602,"column":92}},"210":{"start":{"line":603,"column":4},"end":{"line":607,"column":7}},"211":{"start":{"line":610,"column":2},"end":{"line":617,"column":3}},"212":{"start":{"line":611,"column":4},"end":{"line":611,"column":43}},"213":{"start":{"line":612,"column":4},"end":{"line":616,"column":5}},"214":{"start":{"line":613,"column":6},"end":{"line":613,"column":33}},"215":{"start":{"line":614,"column":6},"end":{"line":614,"column":30}},"216":{"start":{"line":615,"column":6},"end":{"line":615,"column":56}},"217":{"start":{"line":619,"column":2},"end":{"line":619,"column":25}},"218":{"start":{"line":622,"column":0},"end":{"line":636,"column":3}},"219":{"start":{"line":624,"column":2},"end":{"line":635,"column":4}},"220":{"start":{"line":625,"column":4},"end":{"line":628,"column":5}},"221":{"start":{"line":626,"column":6},"end":{"line":626,"column":20}},"222":{"start":{"line":627,"column":6},"end":{"line":627,"column":17}},"223":{"start":{"line":629,"column":4},"end":{"line":634,"column":17}},"224":{"start":{"line":638,"column":0},"end":{"line":638,"column":53}},"225":{"start":{"line":640,"column":0},"end":{"line":640,"column":23}}},"branchMap":{"1":{"line":108,"type":"if","locations":[{"start":{"line":108,"column":2},"end":{"line":108,"column":2}},{"start":{"line":108,"column":2},"end":{"line":108,"column":2}}]},"2":{"line":120,"type":"if","locations":[{"start":{"line":120,"column":2},"end":{"line":120,"column":2}},{"start":{"line":120,"column":2},"end":{"line":120,"column":2}}]},"3":{"line":129,"type":"if","locations":[{"start":{"line":129,"column":2},"end":{"line":129,"column":2}},{"start":{"line":129,"column":2},"end":{"line":129,"column":2}}]},"4":{"line":202,"type":"if","locations":[{"start":{"line":202,"column":4},"end":{"line":202,"column":4}},{"start":{"line":202,"column":4},"end":{"line":202,"column":4}}]},"5":{"line":202,"type":"binary-expr","locations":[{"start":{"line":202,"column":8},"end":{"line":202,"column":20}},{"start":{"line":202,"column":24},"end":{"line":202,"column":50}}]},"6":{"line":205,"type":"if","locations":[{"start":{"line":205,"column":4},"end":{"line":205,"column":4}},{"start":{"line":205,"column":4},"end":{"line":205,"column":4}}]},"7":{"line":207,"type":"if","locations":[{"start":{"line":207,"column":11},"end":{"line":207,"column":11}},{"start":{"line":207,"column":11},"end":{"line":207,"column":11}}]},"8":{"line":209,"type":"if","locations":[{"start":{"line":209,"column":11},"end":{"line":209,"column":11}},{"start":{"line":209,"column":11},"end":{"line":209,"column":11}}]},"9":{"line":217,"type":"if","locations":[{"start":{"line":217,"column":2},"end":{"line":217,"column":2}},{"start":{"line":217,"column":2},"end":{"line":217,"column":2}}]},"10":{"line":220,"type":"if","locations":[{"start":{"line":220,"column":2},"end":{"line":220,"column":2}},{"start":{"line":220,"column":2},"end":{"line":220,"column":2}}]},"11":{"line":231,"type":"if","locations":[{"start":{"line":231,"column":2},"end":{"line":231,"column":2}},{"start":{"line":231,"column":2},"end":{"line":231,"column":2}}]},"12":{"line":233,"type":"if","locations":[{"start":{"line":233,"column":9},"end":{"line":233,"column":9}},{"start":{"line":233,"column":9},"end":{"line":233,"column":9}}]},"13":{"line":233,"type":"binary-expr","locations":[{"start":{"line":233,"column":13},"end":{"line":233,"column":24}},{"start":{"line":233,"column":28},"end":{"line":233,"column":53}},{"start":{"line":233,"column":57},"end":{"line":233,"column":79}}]},"14":{"line":239,"type":"binary-expr","locations":[{"start":{"line":239,"column":41},"end":{"line":239,"column":52}},{"start":{"line":239,"column":56},"end":{"line":239,"column":65}}]},"15":{"line":253,"type":"if","locations":[{"start":{"line":253,"column":4},"end":{"line":253,"column":4}},{"start":{"line":253,"column":4},"end":{"line":253,"column":4}}]},"16":{"line":253,"type":"binary-expr","locations":[{"start":{"line":253,"column":8},"end":{"line":253,"column":36}},{"start":{"line":253,"column":40},"end":{"line":253,"column":65}},{"start":{"line":253,"column":69},"end":{"line":253,"column":92}}]},"17":{"line":267,"type":"if","locations":[{"start":{"line":267,"column":6},"end":{"line":267,"column":6}},{"start":{"line":267,"column":6},"end":{"line":267,"column":6}}]},"18":{"line":274,"type":"cond-expr","locations":[{"start":{"line":274,"column":46},"end":{"line":274,"column":61}},{"start":{"line":274,"column":64},"end":{"line":274,"column":73}}]},"19":{"line":277,"type":"if","locations":[{"start":{"line":277,"column":6},"end":{"line":277,"column":6}},{"start":{"line":277,"column":6},"end":{"line":277,"column":6}}]},"20":{"line":286,"type":"if","locations":[{"start":{"line":286,"column":6},"end":{"line":286,"column":6}},{"start":{"line":286,"column":6},"end":{"line":286,"column":6}}]},"21":{"line":302,"type":"if","locations":[{"start":{"line":302,"column":6},"end":{"line":302,"column":6}},{"start":{"line":302,"column":6},"end":{"line":302,"column":6}}]},"22":{"line":329,"type":"if","locations":[{"start":{"line":329,"column":2},"end":{"line":329,"column":2}},{"start":{"line":329,"column":2},"end":{"line":329,"column":2}}]},"23":{"line":332,"type":"if","locations":[{"start":{"line":332,"column":2},"end":{"line":332,"column":2}},{"start":{"line":332,"column":2},"end":{"line":332,"column":2}}]},"24":{"line":336,"type":"if","locations":[{"start":{"line":336,"column":2},"end":{"line":336,"column":2}},{"start":{"line":336,"column":2},"end":{"line":336,"column":2}}]},"25":{"line":364,"type":"binary-expr","locations":[{"start":{"line":364,"column":55},"end":{"line":364,"column":63}},{"start":{"line":364,"column":67},"end":{"line":364,"column":69}}]},"26":{"line":381,"type":"if","locations":[{"start":{"line":381,"column":2},"end":{"line":381,"column":2}},{"start":{"line":381,"column":2},"end":{"line":381,"column":2}}]},"27":{"line":388,"type":"if","locations":[{"start":{"line":388,"column":2},"end":{"line":388,"column":2}},{"start":{"line":388,"column":2},"end":{"line":388,"column":2}}]},"28":{"line":389,"type":"if","locations":[{"start":{"line":389,"column":4},"end":{"line":389,"column":4}},{"start":{"line":389,"column":4},"end":{"line":389,"column":4}}]},"29":{"line":390,"type":"if","locations":[{"start":{"line":390,"column":6},"end":{"line":390,"column":6}},{"start":{"line":390,"column":6},"end":{"line":390,"column":6}}]},"30":{"line":411,"type":"if","locations":[{"start":{"line":411,"column":4},"end":{"line":411,"column":4}},{"start":{"line":411,"column":4},"end":{"line":411,"column":4}}]},"31":{"line":414,"type":"if","locations":[{"start":{"line":414,"column":4},"end":{"line":414,"column":4}},{"start":{"line":414,"column":4},"end":{"line":414,"column":4}}]},"32":{"line":423,"type":"if","locations":[{"start":{"line":423,"column":6},"end":{"line":423,"column":6}},{"start":{"line":423,"column":6},"end":{"line":423,"column":6}}]},"33":{"line":428,"type":"if","locations":[{"start":{"line":428,"column":4},"end":{"line":428,"column":4}},{"start":{"line":428,"column":4},"end":{"line":428,"column":4}}]},"34":{"line":428,"type":"binary-expr","locations":[{"start":{"line":428,"column":8},"end":{"line":428,"column":21}},{"start":{"line":428,"column":25},"end":{"line":428,"column":45}}]},"35":{"line":431,"type":"binary-expr","locations":[{"start":{"line":431,"column":23},"end":{"line":431,"column":47}},{"start":{"line":431,"column":51},"end":{"line":431,"column":52}}]},"36":{"line":450,"type":"if","locations":[{"start":{"line":450,"column":2},"end":{"line":450,"column":2}},{"start":{"line":450,"column":2},"end":{"line":450,"column":2}}]},"37":{"line":453,"type":"if","locations":[{"start":{"line":453,"column":4},"end":{"line":453,"column":4}},{"start":{"line":453,"column":4},"end":{"line":453,"column":4}}]},"38":{"line":457,"type":"if","locations":[{"start":{"line":457,"column":4},"end":{"line":457,"column":4}},{"start":{"line":457,"column":4},"end":{"line":457,"column":4}}]},"39":{"line":459,"type":"if","locations":[{"start":{"line":459,"column":6},"end":{"line":459,"column":6}},{"start":{"line":459,"column":6},"end":{"line":459,"column":6}}]},"40":{"line":460,"type":"binary-expr","locations":[{"start":{"line":460,"column":8},"end":{"line":460,"column":30}},{"start":{"line":462,"column":10},"end":{"line":462,"column":61}},{"start":{"line":463,"column":10},"end":{"line":463,"column":37}},{"start":{"line":464,"column":10},"end":{"line":464,"column":34}}]},"41":{"line":471,"type":"if","locations":[{"start":{"line":471,"column":2},"e
[...]
0":0,"452":0,"453":0,"454":0,"455":0,"458":0,"459":0,"460":0,"461":0,"467":0,"470":0,"475":0,"477":1,"478":0,"479":0,"480":0,"482":0,"483":0,"484":0,"485":0,"486":0,"488":0,"490":0,"491":0,"492":0,"493":0,"494":0,"497":0,"499":0,"500":0,"501":0,"503":0,"504":0,"507":0,"508":0,"509":0,"510":0,"511":0,"513":0,"515":0,"518":0,"519":0,"520":0,"523":0,"524":0,"528":0,"529":0,"532":0,"533":0,"534":0,"535":0,"541":0,"544":0,"547":1,"548":0,"549":0,"551":0,"553":0,"554":0,"555":0,"557":0,"558":0,"559":0,"560":0,"561":0,"564":0,"565":0,"569":0,"570":0,"575":0,"579":1,"580":0,"581":0,"583":0,"584":0,"585":0,"586":0,"587":0,"589":0,"591":0,"592":0,"593":0,"594":0,"596":0,"597":0,"598":0,"599":0,"600":0,"601":0,"604":0,"605":0,"609":0,"610":0,"620":1,"621":0,"622":0,"623":0,"625":0,"626":0,"629":0,"630":0,"631":0,"632":0,"633":0,"634":0,"635":0,"639":0,"640":0,"641":0,"643":0,"648":1,"650":6,"651":0,"660":1,"662":1}},"/home/travis/build/npmtest/node-npmtest-ioredis/node_modules/ioredis/lib/cluster/connection_pool.js":{"path":"/home/travis/build/npmtest/node-npmtest-ioredis/node_modules/ioredis/lib/cluster/connection_pool.js","s":{"1":1,"2":1,"3":1,"4":1,"5":1,"6":1,"7":0,"8":0,"9":0,"10":0,"11":1,"12":1,"13":0,"14":0,"15":0,"16":0,"17":0,"18":0,"19":0,"20":0,"21":0,"22":0,"23":0,"24":0,"25":0,"26":0,"27":0,"28":0,"29":0,"30":0,"31":0,"32":0,"33":0,"34":0,"35":0,"36":0,"37":0,"38":0,"39":0,"40":0,"41":0,"42":0,"43":0,"44":1,"45":0,"46":0,"47":0,"48":0,"49":0,"50":0,"51":0,"52":0,"53":0,"54":0,"55":0,"56":0,"57":0,"58":0,"59":0,"60":0,"61":0,"62":0,"63":0,"64":0,"65":0,"66":1,"67":0,"68":0,"69":0,"70":0,"71":0,"72":1},"b":{"1":[0,0],"2":[0,0],"3":[0,0],"4":[0,0],"5":[0,0],"6":[0,0],"7":[0,0],"8":[0,0],"9":[0,0],"10":[0,0],"11":[0,0],"12":[0,0],"13":[0,0],"14":[0,0],"15":[0,0],"16":[0,0]},"f":{"1":0,"2":0,"3":0,"4":0,"5":0,"6":0,"7":0,"8":0,"9":0},"fnMap":{"1":{"name":"ConnectionPool","line":9,"loc":{"start":{"line":9,"column":0},"end":{"line":9,"column":38}}},"2":{"name":"(anonymous_2)","line":33,"loc":{"start":{"line":33,"column":40},"end":{"line":33,"column":66}}},"3":{"name":"(anonymous_3)","line":66,"loc":{"start":{"line":66,"column":22},"end":{"line":66,"column":34}}},"4":{"name":"(anonymous_4)","line":78,"loc":{"start":{"line":78,"column":22},"end":{"line":78,"column":39}}},"5":{"name":"(anonymous_5)","line":93,"loc":{"start":{"line":93,"column":33},"end":{"line":93,"column":50}}},"6":{"name":"(anonymous_6)","line":95,"loc":{"start":{"line":95,"column":16},"end":{"line":95,"column":32}}},"7":{"name":"(anonymous_7)","line":116,"loc":{"start":{"line":116,"column":38},"end":{"line":116,"column":53}}},"8":{"name":"(anonymous_8)","line":121,"loc":{"start":{"line":121,"column":32},"end":{"line":121,"column":47}}},"9":{"name":"setKey","line":131,"loc":{"start":{"line":131,"column":0},"end":{"line":131,"column":22}}}},"statementMap":{"1":{"start":{"line":3,"column":0},"end":{"line":3,"column":27}},"2":{"start":{"line":4,"column":0},"end":{"line":4,"column":32}},"3":{"start":{"line":5,"column":0},"end":{"line":5,"column":50}},"4":{"start":{"line":6,"column":0},"end":{"line":6,"column":26}},"5":{"start":{"line":7,"column":0},"end":{"line":7,"column":32}},"6":{"start":{"line":9,"column":0},"end":{"line":21,"column":1}},"7":{"start":{"line":10,"column":2},"end":{"line":10,"column":26}},"8":{"start":{"line":11,"column":2},"end":{"line":11,"column":35}},"9":{"start":{"line":14,"column":2},"end":{"line":18,"column":4}},"10":{"start":{"line":20,"column":2},"end":{"line":20,"column":29}},"11":{"start":{"line":23,"column":0},"end":{"line":23,"column":44}},"12":{"start":{"line":33,"column":0},"end":{"line":84,"column":2}},"13":{"start":{"line":34,"column":2},"end":{"line":34,"column":15}},"14":{"start":{"line":35,"column":2},"end":{"line":35,"column":31}},"15":{"start":{"line":37,"column":2},"end":{"line":41,"column":3}},"16":{"start":{"line":38,"column":4},"end":{"line":38,"column":52}},"17":{"start":{"line":40,"column":4},"end":{"line":40,"column":43}},"18":{"start":{"line":43,"column":2},"end":{"line":43,"column":12}},"19":{"start":{"line":44,"column":2},"end":{"line":81,"column":3}},"20":{"start":{"line":45,"column":4},"end":{"line":45,"column":37}},"21":{"start":{"line":46,"column":4},"end":{"line":56,"column":5}},"22":{"start":{"line":47,"column":6},"end":{"line":47,"column":40}},"23":{"start":{"line":48,"column":6},"end":{"line":48,"column":65}},"24":{"start":{"line":49,"column":6},"end":{"line":55,"column":7}},"25":{"start":{"line":50,"column":8},"end":{"line":50,"column":43}},"26":{"start":{"line":51,"column":8},"end":{"line":51,"column":43}},"27":{"start":{"line":53,"column":8},"end":{"line":53,"column":42}},"28":{"start":{"line":54,"column":8},"end":{"line":54,"column":44}},"29":{"start":{"line":58,"column":4},"end":{"line":61,"column":56}},"30":{"start":{"line":62,"column":4},"end":{"line":62,"column":37}},"31":{"start":{"line":63,"column":4},"end":{"line":63,"column":64}},"32":{"start":{"line":65,"column":4},"end":{"line":65,"column":21}},"33":{"start":{"line":66,"column":4},"end":{"line":74,"column":7}},"34":{"start":{"line":67,"column":6},"end":{"line":67,"column":39}},"35":{"start":{"line":68,"column":6},"end":{"line":68,"column":42}},"36":{"start":{"line":69,"column":6},"end":{"line":69,"column":41}},"37":{"start":{"line":70,"column":6},"end":{"line":70,"column":33}},"38":{"start":{"line":71,"column":6},"end":{"line":73,"column":7}},"39":{"start":{"line":72,"column":8},"end":{"line":72,"column":28}},"40":{"start":{"line":76,"column":4},"end":{"line":76,"column":30}},"41":{"start":{"line":78,"column":4},"end":{"line":80,"column":7}},"42":{"start":{"line":79,"column":6},"end":{"line":79,"column":37}},"43":{"start":{"line":83,"column":2},"end":{"line":83,"column":15}},"44":{"start":{"line":93,"column":0},"end":{"line":124,"column":2}},"45":{"start":{"line":94,"column":2},"end":{"line":94,"column":20}},"46":{"start":{"line":95,"column":2},"end":{"line":113,"column":11}},"47":{"start":{"line":96,"column":4},"end":{"line":96,"column":21}},"48":{"start":{"line":97,"column":4},"end":{"line":105,"column":5}},"49":{"start":{"line":98,"column":6},"end":{"line":98,"column":32}},"50":{"start":{"line":99,"column":11},"end":{"line":105,"column":5}},"51":{"start":{"line":100,"column":6},"end":{"line":100,"column":48}},"52":{"start":{"line":101,"column":11},"end":{"line":105,"column":5}},"53":{"start":{"line":102,"column":6},"end":{"line":102,"column":26}},"54":{"start":{"line":104,"column":6},"end":{"line":104,"column":50}},"55":{"start":{"line":106,"column":4},"end":{"line":108,"column":5}},"56":{"start":{"line":107,"column":6},"end":{"line":107,"column":48}},"57":{"start":{"line":109,"column":4},"end":{"line":109,"column":22}},"58":{"start":{"line":111,"column":4},"end":{"line":111,"column":20}},"59":{"start":{"line":112,"column":4},"end":{"line":112,"column":36}},"60":{"start":{"line":115,"column":2},"end":{"line":115,"column":19}},"61":{"start":{"line":116,"column":2},"end":{"line":120,"column":5}},"62":{"start":{"line":117,"column":4},"end":{"line":119,"column":5}},"63":{"start":{"line":118,"column":6},"end":{"line":118,"column":40}},"64":{"start":{"line":121,"column":2},"end":{"line":123,"column":5}},"65":{"start":{"line":122,"column":4},"end":{"line":122,"column":62}},"66":{"start":{"line":131,"column":0},"end":{"line":137,"column":1}},"67":{"start":{"line":132,"column":2},"end":{"line":132,"column":20}},"68":{"start":{"line":133,"column":2},"end":{"line":133,"column":32}},"69":{"start":{"line":134,"column":2},"end":{"line":134,"column":39}},"70":{"start":{"line":135,"column":2},"end":{"line":135,"column":53}},"71":{"start":{"line":136,"column":2},"end":{"line":136,"column":14}},"72":{"start":{"line":139,"column":0},"end":{"line":139,"column":32}}},"branchMap":{"1":{"line":37,"type":"if","locations":[{"start":{"line":37,"column":2},"end":{"line":37,"column":2}},{"start":{"line":37,"column":2},"end":{"line":37,"column":2}}]},"2":{"line":44,"type":"if","locations":[{"start":{"line":44,"column":2},"end":{"line":44,"column":2}},{"start":{"line":44,"column":2},"end":{"line":44,"column":2}}]},"3":{"line":46,"type":"if","locations":[{"start":{"line":46,"column":4},"end":{"line":46,"column":4}},{"start":{"line":46,"column":4},"end":{"line":46,"column":4}}]},"4":{"line":48,"type":"cond-expr","locations":[{"start":{"line":48,"column":23},"end":{"line":48,"column":33}},{"start":{"line":48,"column":36},"end":{"line":48,"column":47}}]},"5":{"line":49,"type":"if","locations":[{"start":{"line":49,"column":6},"end":{"line":49,"column":6}},{"start":{"line":49,"column":6},"end":{"line":49,"column":6}}]},"6":{"line":63,"type":"cond-expr","locations":[{"start":{"line":63,"column":26},"end":{"line":63,"column":33}},{"start":{"line":63,"column":36},"end":{"line":63,"column":44}}]},"7":{"line":71,"type":"if","locations":[{"start":{"line":71,"column":6},"end":{"line":71,"column":6}},{"start":{"line":71,"column":6},"end":{"line":71,"column":6}}]},"8":{"line":97,"type":"if","locations":[{"start":{"line":97,"column":4},"end":{"line":97,"column":4}},{"start":{"line":97,"column":4},"end":{"line":97,"column":4}}]},"9":{"line":99,"type":"if","locations":[{"start":{"line":99,"column":11},"end":{"line":99,"column":11}},{"start":{"line":99,"column":11},"end":{"line":99,"column":11}}]},"10":{"line":101,"type":"if","locations":[{"start":{"line":101,"column":11},"end":{"line":101,"column":11}},{"start":{"line":101,"column":11},"end":{"line":101,"column":11}}]},"11":{"line":106,"type":"if","locations":[{"start":{"line":106,"column":4},"end":{"line":106,"column":4}},{"start":{"line":106,"column":4},"end":{"line":106,"column":4}}]},"12":{"line":117,"type":"if","locations":[{"start":{"line":117,"column":4},"end":{"line":117,"column":4}},{"start":{"line":117,"column":4},"end":{"line":117,"column":4}}]},"13":{"line":132,"type":"binary-expr","locations":[{"start":{"line":132,"column":9},"end":{"line":132,"column":13}},{"start":{"line":132,"column":17},"end":{"line":132,"column":19}}]},"14":{"line":133,"type":"binary-expr","locations":[{"start":{"line":133,"column":14},"end":{"line":133,"column":23}},{"start":{"line":133,"column":27},"end":{"line":133,"column":31}}]},"15":{"line":134,"type":"binary-expr","locations":[{"start":{"line":134,"column":14},"end":{"line":134,"column":23}},{"start":{"line":134,"column":27},"end":{"line":134,"column":38}}]},"16":{"line":135,"type":"binary-expr","locations":[{"start":{"line":135,"column":13},"end":{"line":135,"column":21}},{"start":{"line":135,"column":25},"end":{"line":135,"column":52}}]}},"code":["'use strict';","","var util = require('util');","var utils = require('../utils');","var EventEmitter = require('events').EventEmitter;","var _ = require('lodash');","var Redis = require('../redis');","","function ConnectionPool(redisOptions) {","  EventEmitter.call(this);","  this.redisOptions = redisOptions;","","  // master + slave = all","  this.nodes = {","    all: {},","    master: {},","    slave: {}","  };","","  this.specifiedOptions = {};","}","","util.inherits(ConnectionPool, EventEmitter);","","/**"," * Find or create a connection to the node"," *"," * @param {Object} node - the node to connect to"," * @param {boolean} [readOnly=false] - whether the node is a slave"," * @return {Redis}"," * @public"," */","ConnectionPool.prototype.findOrCreate = function (node, readOnly) {","  setKey(node);","  readOnly = Boolean(readOnly);","","  if (this.specifiedOptions[node.key]) {","    _.assign(node, this.specifiedOptions[node.key]);","  } else {","    this.specifiedOptions[node.key] = node;","  }","","  var redis;","  if (this.nodes.all[node.key]) {","    redis = this.nodes.all[node.key];","    if (redis.options.readOnly !== readOnly) {","      redis.options.readOnly = readOnly;","      redis[readOnly ? 'readonly' : 'readwrite']().catch(_.noop);","      if (readOnly) {","        delete this.nodes.master[node.key];","        this.nodes.slave[node.key] = redis;","      } else {","        delete this.nodes.slave[node.key];","        this.nodes.master[node.key] = redis;","      }","    }","  } else {","    redis = new Redis(_.defaults({","      retryStrategy: null,","      readOnly: readOnly","    }, node, this.redisOptions, { lazyConnect: true }));","    this.nodes.all[node.key] = redis;","    this.nodes[readOnly ? 'slave' : 'master'][node.key] = redis;","","    var _this = this;","    redis.once('end', function () {","      delete _this.nodes.all[node.key];","      delete _this.nodes.master[node.key];","      delete _this.nodes.slave[node.key];","      _this.emit('-node', redis);","      if (!Object.keys(_this.nodes.all).length) {","        _this.emit('drain');","      }","    });","","    this.emit('+node', redis);","","    redis.on('error', function (error) {","      _this.emit('nodeError', error);","    });","  }","","  return redis;","};","","/**"," * Reset the pool with a set of nodes."," * The old node will be removed."," *"," * @param {Object[]} nodes"," * @public"," */","ConnectionPool.prototype.reset = function (nodes) {","  var newNodes = {};","  nodes.forEach(function (node) {","    var options = {};","    if (typeof node === 'object') {","      _.defaults(options, node);","    } else if (typeof node === 'string') {","      _.defaults(options, utils.parseURL(node));","    } else if (typeof node === 'number') {","      options.port = node;","    } else {","      throw new Error('Invalid argument ' + node);","    }","    if (typeof options.port === 'string') {","      options.port = parseInt(options.port, 10);","    }","    delete options.db;","","    setKey(options);","    newNodes[options.key] = options;","  }, this);","","  var _this = this;","  Object.keys(this.nodes.all).forEach(function (key) {","    if (!newNodes[key]) {","      _this.nodes.all[key].disconnect();","    }","  });","  Object.keys(newNodes).forEach(function (key) {","    _this.findOrCreate(newNodes[key], newNodes[key].readOnly);","  });","};","","/**"," * Set key property"," *"," * @private"," */","function setKey(node) {","  node = node || {};","  node.port = node.port || 6379;","  node.host = node.host || '127.0.0.1';","  node.key = node.key || node.host + ':' + node.port;","  return node;","}","","module.exports = ConnectionPool;",""],"l":{"3":1,"4":1,"5":1,"6":1,"7":1,"9":1,"10":0,"11":0,"14":0,"20":0,"23":1,"33":1,"34":0,"35":0,"37":0,"38":0,"40":0,"43":0,"44":0,"45":0,"46":0,"47":0,"48":0,"49":0,"50":0,"51":0,"53":0,"54":0,"58":0,"62":0,"63":0,"65":0,"66":0,"67":0,"68":0,"69":0,"70":0,"71":0,"72":0,"76":0,"78":0,"79":0,"83":0,"93":1,"94":0,"95":0,"96":0,"97":0,"98":0,"99":0,"100":0,"101":0,"102":0,"104":0,"106":0,"107":0,"109":0,"111":0,"112":0,"115":0,"116":0,"117":0,"118":0,"121":0,"122":0,"131":1,"132":0,"133":0,"134":0,"135":0,"136":0,"139":1}},"/home/travis/build/npmtest/node-npmtest-ioredis/node_modules/ioredis/lib/cluster/delay_queue.js":{"path":"/home/travis/build/npmtest/node-npmtest-ioredis/node_modules/ioredis/lib/cluster/delay_queue.js","s":{"1":1,"2":1,"3":1,"4":0,"5":0,"6":1,"7":0,"8":0,"9":0,"10":0,"11":0,"12":0,"13":0,"14":0,"15":0,"16":0,"17":0,"18":1,"19":0,"20":0,"21":0,"22":0,"23":0,"24":0,"25":0,"26":0,"27":0,"28":0,"29":1},"b":{"1":[0,0],"2":[0,0],"3":[0,0],"4":[0,0],"5":[0,0]},"f":{"1":0,"2":0,"3":0,"4":0,"5":0},"fnMap":{"1":{"name":"DelayQueue","line":6,"loc":{"start":{"line":6,"column":0},"end":{"line":6,"column":22}}},"2":{"name":"(anonymous_2)","line":11,"loc":{"start":{"line":11,"column":28},"end":{"line":11,"column":61}}},"3":{"name":"(anonymous_3)","line":22,"loc":{"start":{"line":22,"column":39},"end":{"line":22,"column":51}}},"4":{"name":"(anonymous_4)","line":23,"loc":{"start":{"line":23,"column":15},"end":{"line":23,"column":27}}},"5":{"name":"(anonymous_5)","line":31,"loc":{"start":{"line":31,"column":32},"end":{"line":31,"column":50}}}},"statementMap":{"1":{"start":{"line":3,"column":0},"end":{"line":3,"column":42}},"2":{"start":{"line":4,"column":0},"end":{"line":4,"column":51}},"3":{"start":{"line":6,"column":0},"end":{"line":9,"column":1}},"4":{"start":{"line":7,"column":2},"end":{"line":7,"column":19}},"5":{"start":{"line":8,"column":2},"end":{"line":8,"column":21}},"6":{"start":{"line":11,"column":0},"end":{"line":29,"column":2}},"7":{"start":{"line":12,"column":2},"end":{"line":12,"column":54}},"8":{"start":{"line":13,"column":2},"end":{"line":15,"column":3}},"9":{"start":{"line":14,"column":4},"end":{"line":14,"column":38}},"10":{"start":{"line":17,"column":2},"end":{"line":17,"column":34}},"11":{"start":{"line":18,"column":2},"end":{"line":18,"column":19}},"12":{"start":{"line":20,"column":2},"end":{"line":28,"column":3}},"13":{"start":{"line":21,"column":4},"end":{"line":21,"column":21}},"14":{"start":{"line":22,"column":4},"end":{"line":27,"column":24}},"15":{"start":{"line":23,"column":6},"end":{"line":26,"column":9}},"16":{"start":{"line":24,"column":8},"end":{"line":24,"column":38}},"17":{"start":{"line":25,"column":8},"end":{"line":25,"column":31}},"18":{"start":{"line":31,"column":0},"end":{"line":46,"column":2}},"19":{"start":{"line":32,"column":2},"end":{"line":32,"column":34}},"20":{"start":{"line":33,"column":2},"end":{"line":35,"column":3}},"21":{"start":{"line":34,"column":4},"end":{"line":34,"column":11}},"22":{"start":{"line":36,"column":2},"end":{"line":36,"column":28}},"23":{"start":{"line":37,"column":2},"end":{"line":39,"column":3}},"24":{"start":{"line":38,"column":4},"end":{"line":38,"column":11}},"25":{"start":{"line":40,"column":2},"end":{"line":40,"column":56}},"26":{"start":{"line":42,"column":2},"end":{"line":42,"column":29}},"27":{"start":{"line":43,"column":2},"end":{"line":45,"column":3}},"28":{"start":{"line":44,"column":4},"end":{"line":44,"column":20}},"29":{"start":{"line":48,"column":0},"end":{"line":48,"column":28}}},"branchMap":{"1":{"line":12,"type":"binary-expr","locations":[{"start":{"line":12,"column":17},"end":{"line":12,"column":33}},{"start":{"line":12,"column":37},"end":{"line":12,"column":53}}]},"2":{"line":13,"type":"if","locations":[{"start":{"line":13,"column":2},"end":{"line":13,"column":2}},{"start":{"line":13,"column":2},"end":{"line":13,"column":2}}]},"3":{"line":20,"type":"if","locations":[{"start":{"line":20,"column":2},"end":{"line":20,"column":2}},{"start":{"line":20,"column":2},"end":{"line":20,"column":2}}]},"4":{"line":33,"type":"if","locations":[{"start":{"line":33,"column":2},"end":{"line":33,"column":2}},{"start":{"line":33,"column":2},"end":{"line":33,"column":2}}]},"5":{"line":37,"type":"if","locations":[{"start":{"line":37,"column":2},"end":{"line":37,"column":2}},{"start":{"line":37,"column":2},"end":{"line":37,"column":2}}]}},"code":["'use strict';","","var Deque = require('double-ended-queue');","var debug = require('debug')('ioredis:delayqueue');","","function DelayQueue() {","  this.queues = {};","  this.timeouts = {};","}","","DelayQueue.prototype.push = function (bucket, item, options) {","  var callback = options.callback || process.nextTick;","  if (!this.queues[bucket]) {","    this.queues[bucket] = new Deque();","  }","","  var queue = this.queues[bucket];","  queue.push(item);","","  if (!this.timeouts[bucket]) {","    var _this = this;","    this.timeouts[bucket] = setTimeout(function () {","      callback(function () {","        _this.timeouts[bucket] = null;","        _this._execute(bucket);","      });","    }, options.timeout);","  }","};","","DelayQueue.prototype._execute = function (bucket) {","  var queue = this.queues[bucket];","  if (!queue) {","    return;","  }","  var length = queue.length;","  if (!length) {","    return;","  }","  debug('send %d commands in %s queue', length, bucket);","","  this.queues[bucket] = null;","  while (queue.length > 0) {","    queue.shift()();","  }","};","","module.exports = DelayQueue;",""],"l":{"3":1,"4":1,"6":1,"7":0,"8":0,"11":1,"12":0,"13":0,"14":0,"17":0,"18":0,"20":0,"21":0,"22":0,"23":0,"24":0,"25":0,"31":1,"32":0,"33":0,"34":0,"36":0,"37":0,"38":0,"40":0,"42":0,"43":0,"44":0,"48":1}}}